#
# A fatal error has been detected by the Java Runtime Environment:
#
#  SIGSEGV (0xb) at pc=0x00007f6345611e66, pid=5031, tid=0x00007f636cf22700
#
# JRE version: Java(TM) SE Runtime Environment (8.0_201-b09) (build 1.8.0_201-b09)
# Java VM: Java HotSpot(TM) 64-Bit Server VM (25.201-b09 mixed mode linux-amd64 compressed oops)
# Problematic frame:
# C  [libgdx-box2d64.so+0x34e66]  b2ContactManager::Collide()+0x46
#
# Failed to write core dump. Core dumps have been disabled. To enable core dumping, try "ulimit -c unlimited" before starting Java again
#
# If you would like to submit a bug report, please visit:
#   http://bugreport.java.com/bugreport/crash.jsp
# The crash happened outside the Java Virtual Machine in native code.
# See problematic frame for where to report the bug.
#

---------------  T H R E A D  ---------------

Current thread (0x00007f63c0467800):  JavaThread "LWJGL Application" [_thread_in_native, id=5056, stack(0x00007f636ce22000,0x00007f636cf23000)]

siginfo: si_signo: 11 (SIGSEGV), si_code: 1 (SEGV_MAPERR), si_addr: 0x00000000000000fc

Registers:
RAX=0x0000000000000000, RBX=0x00007f634860a1a0, RCX=0x00007f63485df760, RDX=0x00000000000b4506
RSP=0x00007f636cf21610, RBP=0x00000000000000e0, RSI=0x0000000000000000, RDI=0x00007f63485bdba0
R8 =0x00007f63485d8070, R9 =0x00007f63accb1c90, R10=0x002c05a235260f66, R11=0x00000000000a3b28
R12=0x00007f63485bdba0, R13=0x0000000000000000, R14=0x00007f63485df7c0, R15=0x00007f63485df750
RIP=0x00007f6345611e66, EFLAGS=0x0000000000010246, CSGSFS=0x002b000000000033, ERR=0x0000000000000004
  TRAPNO=0x000000000000000e

Top of Stack: (sp=0x00007f636cf21610)
0x00007f636cf21610:   00007f63485bdba0 0000000000000006
0x00007f636cf21620:   00007f636cf21670 00007f63485a4900
0x00007f636cf21630:   00007f636cf21670 00007f636cf21680
0x00007f636cf21640:   00007f63485bdba0 0000000000000006
0x00007f636cf21650:   00007f63c0467800 00007f63456161b9
0x00007f636cf21660:   00007f636cf216c0 3c8888896cf216e0
0x00007f636cf21670:   000000005d359454 00000000000b4506
0x00007f636cf21680:   000000005d359454 00000000000b4506
0x00007f636cf21690:   426fffff3c888889 000000063f800000
0x00007f636cf216a0:   00007f0100000002 f2512f252767f700
0x00007f636cf216b0:   00007f63485a4900 0000000000000006
0x00007f636cf216c0:   0000000000000002 00007f634584f698
0x00007f636cf216d0:   00007f636cf21808 00007f634561ae97
0x00007f636cf216e0:   00007f63accb1c90 3c888889c0467800
0x00007f636cf216f0:   00007f6345829ad8 00007f63c04679f8
0x00007f636cf21700:   00007f636cf21808 00007f63c6287358
0x00007f636cf21710:   00007f6345829b00 00007f63c04679f8
0x00007f636cf21720:   00007f636cf21808 f2512f252767f700
0x00007f636cf21730:   00007f634584f698 00007f636cf217c0
0x00007f636cf21740:   0000000000000000 00007f63b10186c7
0x00007f636cf21750:   00007f636cf217a0 00007f63c61395ef
0x00007f636cf21760:   00007f63c678c250 00007f63c40d5360
0x00007f636cf21770:   00007f636cf217d0 00007f63b1007a90
0x00007f636cf21780:   00007f636cf21780 0000000000000000
0x00007f636cf21790:   00007f636cf21808 00007f634585f828
0x00007f636cf217a0:   0000000000000000 00007f634584f698
0x00007f636cf217b0:   0000000000000000 00007f636cf217e0
0x00007f636cf217c0:   00007f636cf21850 00007f63b10082bd
0x00007f636cf217d0:   0000000000000000 00007f63b1011d18
0x00007f636cf217e0:   0000000000000002 0000000000000006
0x00007f636cf217f0:   00007f633c888889 00007f63485a4900
0x00007f636cf21800:   0000000000000001 00000000d827dd58 

Instructions: (pc=0x00007f6345611e66)
0x00007f6345611e46:   00 00 41 8b 17 85 d2 0f 84 b1 00 00 00 48 c1 e5
0x00007f6345611e56:   05 48 03 69 28 49 63 c5 48 c1 e0 05 49 03 46 28
0x00007f6345611e66:   48 63 55 1c 48 63 40 1c 85 d2 0f 88 64 01 00 00
0x00007f6345611e76:   41 8b 74 24 14 39 f2 0f 8d 57 01 00 00 49 8b 4c 

Register to memory mapping:

RAX=0x0000000000000000 is an unknown value
RBX=0x00007f634860a1a0 is an unknown value
RCX=0x00007f63485df760 is an unknown value
RDX=0x00000000000b4506 is an unknown value
RSP=0x00007f636cf21610 is pointing into the stack for thread: 0x00007f63c0467800
RBP=0x00000000000000e0 is an unknown value
RSI=0x0000000000000000 is an unknown value
RDI=0x00007f63485bdba0 is an unknown value
R8 =0x00007f63485d8070 is an unknown value
R9 ={method} {0x00007f63accb1c90} 'wasResized' '()Z' in 'org/lwjgl/opengl/Display'
R10=0x002c05a235260f66 is an unknown value
R11=0x00000000000a3b28 is an unknown value
R12=0x00007f63485bdba0 is an unknown value
R13=0x0000000000000000 is an unknown value
R14=0x00007f63485df7c0 is an unknown value
R15=0x00007f63485df750 is an unknown value


Stack: [0x00007f636ce22000,0x00007f636cf23000],  sp=0x00007f636cf21610,  free space=1021k
Native frames: (J=compiled Java code, j=interpreted, Vv=VM code, C=native code)
C  [libgdx-box2d64.so+0x34e66]  b2ContactManager::Collide()+0x46

Java frames: (J=compiled Java code, j=interpreted, Vv=VM code)
j  com.badlogic.gdx.physics.box2d.World.jniStep(JFII)V+0
j  com.badlogic.gdx.physics.box2d.World.step(FII)V+8
j  com.megaman.game.Game.update(F)V+8
j  com.megaman.game.Game.render()V+9
j  com.badlogic.gdx.backends.lwjgl.LwjglApplication.mainLoop()V+698
j  com.badlogic.gdx.backends.lwjgl.LwjglApplication$1.run()V+27
v  ~StubRoutines::call_stub

---------------  P R O C E S S  ---------------

Java Threads: ( => current thread )
  0x00007f634801e800 JavaThread "process reaper" daemon [_thread_blocked, id=5058, stack(0x00007f636cde9000,0x00007f636ce22000)]
  0x00007f63c000c800 JavaThread "DestroyJavaVM" [_thread_blocked, id=5037, stack(0x00007f63c5617000,0x00007f63c5717000)]
=>0x00007f63c0467800 JavaThread "LWJGL Application" [_thread_in_native, id=5056, stack(0x00007f636ce22000,0x00007f636cf23000)]
  0x00007f63c03bd800 JavaThread "AWT-XAWT" daemon [_thread_in_native, id=5052, stack(0x00007f63a406f000,0x00007f63a4170000)]
  0x00007f63c0385800 JavaThread "Java2D Disposer" daemon [_thread_blocked, id=5051, stack(0x00007f63a4170000,0x00007f63a4271000)]
  0x00007f63c00ca800 JavaThread "Service Thread" daemon [_thread_blocked, id=5049, stack(0x00007f63a5f12000,0x00007f63a6013000)]
  0x00007f63c00bf800 JavaThread "C1 CompilerThread2" daemon [_thread_blocked, id=5048, stack(0x00007f63a6014000,0x00007f63a6114000)]
  0x00007f63c00bd800 JavaThread "C2 CompilerThread1" daemon [_thread_blocked, id=5047, stack(0x00007f63a6115000,0x00007f63a6215000)]
  0x00007f63c00bb000 JavaThread "C2 CompilerThread0" daemon [_thread_blocked, id=5046, stack(0x00007f63a6216000,0x00007f63a6316000)]
  0x00007f63c00b9000 JavaThread "Signal Dispatcher" daemon [_thread_blocked, id=5045, stack(0x00007f63a6316000,0x00007f63a6417000)]
  0x00007f63c0086000 JavaThread "Finalizer" daemon [_thread_blocked, id=5044, stack(0x00007f63a71f2000,0x00007f63a72f3000)]
  0x00007f63c0083800 JavaThread "Reference Handler" daemon [_thread_blocked, id=5043, stack(0x00007f63a72f3000,0x00007f63a73f4000)]

Other Threads:
  0x00007f63c007a000 VMThread [stack: 0x00007f63a73f5000,0x00007f63a74f5000] [id=5042]
  0x00007f63c00cd800 WatcherThread [stack: 0x00007f63a5e12000,0x00007f63a5f12000] [id=5050]

VM state:not at safepoint (normal execution)

VM Mutex/Monitor currently owned by a thread: None

heap address: 0x0000000084e00000, size: 1970 MB, Compressed Oops mode: 32-bit
Narrow klass base: 0x0000000000000000, Narrow klass shift: 3
Compressed class space size: 1073741824 Address: 0x0000000100000000

Heap:
 PSYoungGen      total 36864K, used 23857K [0x00000000d6f80000, 0x00000000d9880000, 0x0000000100000000)
  eden space 31744K, 75% used [0x00000000d6f80000,0x00000000d86cc7e8,0x00000000d8e80000)
  from space 5120K, 0% used [0x00000000d9380000,0x00000000d9380000,0x00000000d9880000)
  to   space 5120K, 0% used [0x00000000d8e80000,0x00000000d8e80000,0x00000000d9380000)
 ParOldGen       total 84992K, used 0K [0x0000000084e00000, 0x000000008a100000, 0x00000000d6f80000)
  object space 84992K, 0% used [0x0000000084e00000,0x0000000084e00000,0x000000008a100000)
 Metaspace       used 9832K, capacity 10045K, committed 10368K, reserved 1058816K
  class space    used 958K, capacity 1031K, committed 1152K, reserved 1048576K

Card table byte_map: [0x00007f63c4810000,0x00007f63c4bea000] byte_map_base: 0x00007f63c43e9000

Marking Bits: (ParMarkBitMap*) 0x00007f63c686fd80
 Begin Bits: [0x00007f63ad270000, 0x00007f63af138000)
 End Bits:   [0x00007f63af138000, 0x00007f63b1000000)

Polling page: 0x00007f63c6cd1000

CodeCache: size=245760Kb used=2965Kb max_used=2974Kb free=242794Kb
 bounds [0x00007f63b1000000, 0x00007f63b12f0000, 0x00007f63c0000000]
 total_blobs=1324 nmethods=724 adapters=514
 compilation: enabled

Compilation events (10 events):
Event: 0,798 Thread 0x00007f63c00bf800  720       3       com.badlogic.gdx.utils.LongMap::hash2 (22 bytes)
Event: 0,798 Thread 0x00007f63c00bf800 nmethod 720 0x00007f63b12de010 code [0x00007f63b12de160, 0x00007f63b12de2f0]
Event: 0,798 Thread 0x00007f63c00bb000 nmethod 715 0x00007f63b12ddc50 code [0x00007f63b12ddda0, 0x00007f63b12ddef8]
Event: 0,798 Thread 0x00007f63c00bf800  721       3       com.badlogic.gdx.utils.LongMap::hash3 (22 bytes)
Event: 0,798 Thread 0x00007f63c00bf800 nmethod 721 0x00007f63b12e7950 code [0x00007f63b12e7aa0, 0x00007f63b12e7c30]
Event: 0,799 Thread 0x00007f63c00bf800  722       1       com.badlogic.gdx.physics.box2d.Body::getUserData (5 bytes)
Event: 0,799 Thread 0x00007f63c00bf800 nmethod 722 0x00007f63b12dd990 code [0x00007f63b12ddae0, 0x00007f63b12ddbf0]
Event: 0,800 Thread 0x00007f63c00bd800 nmethod 714 0x00007f63b12e5c90 code [0x00007f63b12e5e00, 0x00007f63b12e62b8]
Event: 0,802 Thread 0x00007f63c00bf800  724       3       java.lang.Throwable::<init> (39 bytes)
Event: 0,802 Thread 0x00007f63c00bf800 nmethod 724 0x00007f63b12e5090 code [0x00007f63b12e5220, 0x00007f63b12e57c8]

GC Heap History (0 events):
No events

Deoptimization events (4 events):
Event: 0,110 Thread 0x00007f63c000c800 Uncommon trap: reason=unstable_if action=reinterpret pc=0x00007f63b1138ac4 method=java.lang.String.indexOf(II)I @ 49
Event: 0,246 Thread 0x00007f63c0467800 Uncommon trap: reason=unstable_if action=reinterpret pc=0x00007f63b11bbd5c method=java.lang.String.replace(CC)Ljava/lang/String; @ 26
Event: 0,467 Thread 0x00007f63c0467800 Uncommon trap: reason=unstable_if action=reinterpret pc=0x00007f63b1202da8 method=java.lang.String.<init>([CII)V @ 18
Event: 0,794 Thread 0x00007f63c0467800 Uncommon trap: reason=unstable_if action=reinterpret pc=0x00007f63b127a3dc method=sun.nio.cs.UTF_8$Decoder.decode([BII[C)I @ 30

Classes redefined (0 events):
No events

Internal exceptions (10 events):
Event: 0,204 Thread 0x00007f63c000c800 Exception <a 'java/security/PrivilegedActionException'> (0x00000000d7515338) thrown at [/HUDSON/workspace/8-2-build-linux-amd64/jdk8u201/12317/hotspot/src/share/vm/prims/jvm.cpp, line 1502]
Event: 0,204 Thread 0x00007f63c000c800 Exception <a 'java/security/PrivilegedActionException'> (0x00000000d75b4b10) thrown at [/HUDSON/workspace/8-2-build-linux-amd64/jdk8u201/12317/hotspot/src/share/vm/prims/jvm.cpp, line 1502]
Event: 0,204 Thread 0x00007f63c000c800 Exception <a 'java/security/PrivilegedActionException'> (0x00000000d75b6768) thrown at [/HUDSON/workspace/8-2-build-linux-amd64/jdk8u201/12317/hotspot/src/share/vm/prims/jvm.cpp, line 1502]
Event: 0,204 Thread 0x00007f63c000c800 Exception <a 'java/security/PrivilegedActionException'> (0x00000000d75b73c0) thrown at [/HUDSON/workspace/8-2-build-linux-amd64/jdk8u201/12317/hotspot/src/share/vm/prims/jvm.cpp, line 1502]
Event: 0,204 Thread 0x00007f63c000c800 Exception <a 'java/security/PrivilegedActionException'> (0x00000000d75b7fe8) thrown at [/HUDSON/workspace/8-2-build-linux-amd64/jdk8u201/12317/hotspot/src/share/vm/prims/jvm.cpp, line 1502]
Event: 0,204 Thread 0x00007f63c000c800 Exception <a 'java/security/PrivilegedActionException'> (0x00000000d75b9a88) thrown at [/HUDSON/workspace/8-2-build-linux-amd64/jdk8u201/12317/hotspot/src/share/vm/prims/jvm.cpp, line 1502]
Event: 0,204 Thread 0x00007f63c000c800 Exception <a 'java/security/PrivilegedActionException'> (0x00000000d75ba6e0) thrown at [/HUDSON/workspace/8-2-build-linux-amd64/jdk8u201/12317/hotspot/src/share/vm/prims/jvm.cpp, line 1502]
Event: 0,204 Thread 0x00007f63c000c800 Exception <a 'java/security/PrivilegedActionException'> (0x00000000d75bb308) thrown at [/HUDSON/workspace/8-2-build-linux-amd64/jdk8u201/12317/hotspot/src/share/vm/prims/jvm.cpp, line 1502]
Event: 0,253 Thread 0x00007f63c0467800 Exception <a 'java/lang/NoClassDefFoundError': org/lwjgl/opengles/GLContext> (0x00000000d791b690) thrown at [/HUDSON/workspace/8-2-build-linux-amd64/jdk8u201/12317/hotspot/src/share/vm/classfile/systemDictionary.cpp, line 199]
Event: 0,795 Thread 0x00007f63c0467800 Exception <a 'java/lang/ArrayIndexOutOfBoundsException': -1222616967> (0x00000000d864e2c0) thrown at [/HUDSON/workspace/8-2-build-linux-amd64/jdk8u201/12317/hotspot/src/share/vm/interpreter/interpreterRuntime.cpp, line 368]

Events (10 events):
Event: 0,798 loading class com/megaman/game/Utils/ContactDetector
Event: 0,798 loading class com/megaman/game/Utils/ContactDetector done
Event: 0,799 loading class com/megaman/game/HUD
Event: 0,799 loading class com/megaman/game/HUD done
Event: 0,800 loading class org/lwjgl/opengl/GL14
Event: 0,800 loading class org/lwjgl/opengl/GL14 done
Event: 0,801 loading class org/lwjgl/opengl/Sync
Event: 0,801 loading class org/lwjgl/opengl/Sync done
Event: 0,802 loading class org/lwjgl/opengl/Sync$RunningAvg
Event: 0,802 loading class org/lwjgl/opengl/Sync$RunningAvg done


Dynamic libraries:
00400000-00401000 r-xp 00000000 08:05 2632659                            /usr/lib/jvm/java-8-oracle/bin/java
00600000-00601000 r--p 00000000 08:05 2632659                            /usr/lib/jvm/java-8-oracle/bin/java
00601000-00602000 rw-p 00001000 08:05 2632659                            /usr/lib/jvm/java-8-oracle/bin/java
025c6000-025e7000 rw-p 00000000 00:00 0                                  [heap]
84e00000-8a100000 rw-p 00000000 00:00 0 
8a100000-d6f80000 ---p 00000000 00:00 0 
d6f80000-d9880000 rw-p 00000000 00:00 0 
d9880000-100000000 ---p 00000000 00:00 0 
100000000-100120000 rw-p 00000000 00:00 0 
100120000-140000000 ---p 00000000 00:00 0 
7f6340000000-7f6340021000 rw-p 00000000 00:00 0 
7f6340021000-7f6344000000 ---p 00000000 00:00 0 
7f63455dd000-7f6345629000 r-xp 00000000 08:05 3025344                    /tmp/libgdxromolo/38f2459b/libgdx-box2d64.so
7f6345629000-7f6345828000 ---p 0004c000 08:05 3025344                    /tmp/libgdxromolo/38f2459b/libgdx-box2d64.so
7f6345828000-7f634582a000 r--p 0004b000 08:05 3025344                    /tmp/libgdxromolo/38f2459b/libgdx-box2d64.so
7f634582a000-7f634582b000 rw-p 0004d000 08:05 3025344                    /tmp/libgdxromolo/38f2459b/libgdx-box2d64.so
7f634582b000-7f634592b000 rw-p 00000000 00:00 0 
7f634592b000-7f6345a2b000 ---p 00000000 00:00 0 
7f6345a2b000-7f6346ddc000 rw-p 00000000 00:00 0 
7f6346ddc000-7f6346ddd000 ---p 00000000 00:00 0 
7f6346ddd000-7f63475dd000 rw-p 00000000 00:00 0 
7f63475dd000-7f6347646000 r--p 00000000 08:05 2622001                    /usr/lib/x86_64-linux-gnu/dri/i965_dri.so
7f6347646000-7f6347d28000 r-xp 00069000 08:05 2622001                    /usr/lib/x86_64-linux-gnu/dri/i965_dri.so
7f6347d28000-7f6347ee5000 r--p 0074b000 08:05 2622001                    /usr/lib/x86_64-linux-gnu/dri/i965_dri.so
7f6347ee5000-7f6347f42000 r--p 00907000 08:05 2622001                    /usr/lib/x86_64-linux-gnu/dri/i965_dri.so
7f6347f42000-7f6347f4e000 rw-p 00964000 08:05 2622001                    /usr/lib/x86_64-linux-gnu/dri/i965_dri.so
7f6347f4e000-7f6348000000 rw-p 00000000 00:00 0 
7f6348000000-7f63495c5000 rw-p 00000000 00:00 0 
7f63495c5000-7f634c000000 ---p 00000000 00:00 0 
7f634c000000-7f634c021000 rw-p 00000000 00:00 0 
7f634c021000-7f6350000000 ---p 00000000 00:00 0 
7f6350000000-7f6350021000 rw-p 00000000 00:00 0 
7f6350021000-7f6354000000 ---p 00000000 00:00 0 
7f6354000000-7f6358000000 rw-s 00000000 00:05 59075                      /memfd:pulseaudio (deleted)
7f6358000000-7f635c000000 rw-s 00000000 00:05 31973                      /memfd:pulseaudio (deleted)
7f635c000000-7f635c021000 rw-p 00000000 00:00 0 
7f635c021000-7f6360000000 ---p 00000000 00:00 0 
7f6360000000-7f6364000000 rw-s 00000000 00:05 60828                      /memfd:pulseaudio (deleted)
7f6364000000-7f6368000000 rw-s 00000000 00:05 60828                      /memfd:pulseaudio (deleted)
7f6368000000-7f6368021000 rw-p 00000000 00:00 0 
7f6368021000-7f636c000000 ---p 00000000 00:00 0 
7f636c0f6000-7f636c0fa000 rw-s 00000000 00:2f 790                        /i915 (deleted)
7f636c0fa000-7f636c10a000 rw-s 00000000 00:2f 1224                       /i915 (deleted)
7f636c10a000-7f636c10e000 rw-s 00000000 00:2f 849                        /i915 (deleted)
7f636c10e000-7f636c112000 rw-s 00000000 00:2f 810                        /i915 (deleted)
7f636c112000-7f636c116000 rw-s 00000000 00:2f 787                        /i915 (deleted)
7f636c116000-7f636c11a000 rw-s 00000000 00:2f 784                        /i915 (deleted)
7f636c11a000-7f636c11e000 rw-s 00000000 00:2f 781                        /i915 (deleted)
7f636c11e000-7f636c122000 rw-s 00000000 00:2f 778                        /i915 (deleted)
7f636c122000-7f636c126000 rw-s 00000000 00:2f 828                        /i915 (deleted)
7f636c126000-7f636c12a000 rw-s 00000000 00:2f 760                        /i915 (deleted)
7f636c12a000-7f636c12f000 rw-s 00000000 00:2f 755                        /i915 (deleted)
7f636c12f000-7f636c133000 rw-s 00000000 00:2f 807                        /i915 (deleted)
7f636c133000-7f636c138000 rw-s 00000000 00:2f 806                        /i915 (deleted)
7f636c138000-7f636c279000 rw-s 00000000 08:05 2753860                    /home/romolo/.cache/mesa_shader_cache/index
7f636c279000-7f636c281000 r-xp 00000000 08:05 2499936                    /usr/lib/x86_64-linux-gnu/libpciaccess.so.0.11.1
7f636c281000-7f636c480000 ---p 00008000 08:05 2499936                    /usr/lib/x86_64-linux-gnu/libpciaccess.so.0.11.1
7f636c480000-7f636c481000 r--p 00007000 08:05 2499936                    /usr/lib/x86_64-linux-gnu/libpciaccess.so.0.11.1
7f636c481000-7f636c482000 rw-p 00008000 08:05 2499936                    /usr/lib/x86_64-linux-gnu/libpciaccess.so.0.11.1
7f636c482000-7f636c484000 r--p 00000000 08:05 2499370                    /usr/lib/x86_64-linux-gnu/libdrm_radeon.so.1.0.1
7f636c484000-7f636c48c000 r-xp 00002000 08:05 2499370                    /usr/lib/x86_64-linux-gnu/libdrm_radeon.so.1.0.1
7f636c48c000-7f636c48e000 r--p 0000a000 08:05 2499370                    /usr/lib/x86_64-linux-gnu/libdrm_radeon.so.1.0.1
7f636c48e000-7f636c48f000 r--p 0000b000 08:05 2499370                    /usr/lib/x86_64-linux-gnu/libdrm_radeon.so.1.0.1
7f636c48f000-7f636c490000 rw-p 0000c000 08:05 2499370                    /usr/lib/x86_64-linux-gnu/libdrm_radeon.so.1.0.1
7f636c490000-7f636c492000 r--p 00000000 08:05 2499368                    /usr/lib/x86_64-linux-gnu/libdrm_nouveau.so.2.0.0
7f636c492000-7f636c497000 r-xp 00002000 08:05 2499368                    /usr/lib/x86_64-linux-gnu/libdrm_nouveau.so.2.0.0
7f636c497000-7f636c499000 r--p 00007000 08:05 2499368                    /usr/lib/x86_64-linux-gnu/libdrm_nouveau.so.2.0.0
7f636c499000-7f636c49a000 r--p 00008000 08:05 2499368                    /usr/lib/x86_64-linux-gnu/libdrm_nouveau.so.2.0.0
7f636c49a000-7f636c49b000 rw-p 00009000 08:05 2499368                    /usr/lib/x86_64-linux-gnu/libdrm_nouveau.so.2.0.0
7f636c49b000-7f636c49e000 r--p 00000000 08:05 2499366                    /usr/lib/x86_64-linux-gnu/libdrm_intel.so.1.0.0
7f636c49e000-7f636c4b4000 r-xp 00003000 08:05 2499366                    /usr/lib/x86_64-linux-gnu/libdrm_intel.so.1.0.0
7f636c4b4000-7f636c4be000 r--p 00019000 08:05 2499366                    /usr/lib/x86_64-linux-gnu/libdrm_intel.so.1.0.0
7f636c4be000-7f636c4bf000 r--p 00022000 08:05 2499366                    /usr/lib/x86_64-linux-gnu/libdrm_intel.so.1.0.0
7f636c4bf000-7f636c4c0000 rw-p 00023000 08:05 2499366                    /usr/lib/x86_64-linux-gnu/libdrm_intel.so.1.0.0
7f636c4c0000-7f636c4c4000 r--p 00000000 08:05 2499362                    /usr/lib/x86_64-linux-gnu/libdrm.so.2.4.0
7f636c4c4000-7f636c4cd000 r-xp 00004000 08:05 2499362                    /usr/lib/x86_64-linux-gnu/libdrm.so.2.4.0
7f636c4cd000-7f636c4d0000 r--p 0000d000 08:05 2499362                    /usr/lib/x86_64-linux-gnu/libdrm.so.2.4.0
7f636c4d0000-7f636c4d1000 ---p 00010000 08:05 2499362                    /usr/lib/x86_64-linux-gnu/libdrm.so.2.4.0
7f636c4d1000-7f636c4d2000 r--p 00010000 08:05 2499362                    /usr/lib/x86_64-linux-gnu/libdrm.so.2.4.0
7f636c4d2000-7f636c4d3000 rw-p 00011000 08:05 2499362                    /usr/lib/x86_64-linux-gnu/libdrm.so.2.4.0
7f636c4d3000-7f636c4d5000 r--p 00000000 08:05 2500273                    /usr/lib/x86_64-linux-gnu/libxcb-dri2.so.0.0.0
7f636c4d5000-7f636c4d7000 r-xp 00002000 08:05 2500273                    /usr/lib/x86_64-linux-gnu/libxcb-dri2.so.0.0.0
7f636c4d7000-7f636c4d8000 r--p 00004000 08:05 2500273                    /usr/lib/x86_64-linux-gnu/libxcb-dri2.so.0.0.0
7f636c4d8000-7f636c4d9000 r--p 00004000 08:05 2500273                    /usr/lib/x86_64-linux-gnu/libxcb-dri2.so.0.0.0
7f636c4d9000-7f636c4da000 rw-p 00005000 08:05 2500273                    /usr/lib/x86_64-linux-gnu/libxcb-dri2.so.0.0.0
7f636c4da000-7f636c4e5000 r--p 00000000 08:05 2500277                    /usr/lib/x86_64-linux-gnu/libxcb-glx.so.0.0.0
7f636c4e5000-7f636c4ee000 r-xp 0000b000 08:05 2500277                    /usr/lib/x86_64-linux-gnu/libxcb-glx.so.0.0.0
7f636c4ee000-7f636c4f3000 r--p 00014000 08:05 2500277                    /usr/lib/x86_64-linux-gnu/libxcb-glx.so.0.0.0
7f636c4f3000-7f636c4f4000 ---p 00019000 08:05 2500277                    /usr/lib/x86_64-linux-gnu/libxcb-glx.so.0.0.0
7f636c4f4000-7f636c4f6000 r--p 00019000 08:05 2500277                    /usr/lib/x86_64-linux-gnu/libxcb-glx.so.0.0.0
7f636c4f6000-7f636c4f7000 rw-p 0001b000 08:05 2500277                    /usr/lib/x86_64-linux-gnu/libxcb-glx.so.0.0.0
7f636c4f7000-7f636c4f9000 r-xp 00000000 08:05 2499101                    /usr/lib/x86_64-linux-gnu/libXdamage.so.1.1.0
7f636c4f9000-7f636c6f8000 ---p 00002000 08:05 2499101                    /usr/lib/x86_64-linux-gnu/libXdamage.so.1.1.0
7f636c6f8000-7f636c6f9000 r--p 00001000 08:05 2499101                    /usr/lib/x86_64-linux-gnu/libXdamage.so.1.1.0
7f636c6f9000-7f636c6fa000 rw-p 00002000 08:05 2499101                    /usr/lib/x86_64-linux-gnu/libXdamage.so.1.1.0
7f636c6fa000-7f636c705000 r--p 00000000 08:05 2497761                    /usr/lib/x86_64-linux-gnu/libglapi.so.0.0.0
7f636c705000-7f636c711000 r-xp 0000b000 08:05 2497761                    /usr/lib/x86_64-linux-gnu/libglapi.so.0.0.0
7f636c711000-7f636c727000 r--p 00017000 08:05 2497761                    /usr/lib/x86_64-linux-gnu/libglapi.so.0.0.0
7f636c727000-7f636c72b000 r--p 0002c000 08:05 2497761                    /usr/lib/x86_64-linux-gnu/libglapi.so.0.0.0
7f636c72b000-7f636c72c000 rw-p 00030000 08:05 2497761                    /usr/lib/x86_64-linux-gnu/libglapi.so.0.0.0
7f636c72c000-7f636c72d000 rw-p 00000000 00:00 0 
7f636c72d000-7f636c72e000 r-xp 00000000 08:05 2500325                    /usr/lib/x86_64-linux-gnu/libxshmfence.so.1.0.0
7f636c72e000-7f636c92d000 ---p 00001000 08:05 2500325                    /usr/lib/x86_64-linux-gnu/libxshmfence.so.1.0.0
7f636c92d000-7f636c92e000 r--p 00000000 08:05 2500325                    /usr/lib/x86_64-linux-gnu/libxshmfence.so.1.0.0
7f636c92e000-7f636c92f000 rw-p 00001000 08:05 2500325                    /usr/lib/x86_64-linux-gnu/libxshmfence.so.1.0.0
7f636c92f000-7f636c932000 r--p 00000000 08:05 2500299                    /usr/lib/x86_64-linux-gnu/libxcb-sync.so.1.0.0
7f636c932000-7f636c935000 r-xp 00003000 08:05 2500299                    /usr/lib/x86_64-linux-gnu/libxcb-sync.so.1.0.0
7f636c935000-7f636c936000 r--p 00006000 08:05 2500299                    /usr/lib/x86_64-linux-gnu/libxcb-sync.so.1.0.0
7f636c936000-7f636c937000 ---p 00007000 08:05 2500299                    /usr/lib/x86_64-linux-gnu/libxcb-sync.so.1.0.0
7f636c937000-7f636c938000 r--p 00007000 08:05 2500299                    /usr/lib/x86_64-linux-gnu/libxcb-sync.so.1.0.0
7f636c938000-7f636c939000 rw-p 00008000 08:05 2500299                    /usr/lib/x86_64-linux-gnu/libxcb-sync.so.1.0.0
7f636c939000-7f636c93d000 r--p 00000000 08:05 262399                     /lib/x86_64-linux-gnu/libexpat.so.1.6.8
7f636c93d000-7f636c95e000 r-xp 00004000 08:05 262399                     /lib/x86_64-linux-gnu/libexpat.so.1.6.8
7f636c95e000-7f636c972000 r--p 00025000 08:05 262399                     /lib/x86_64-linux-gnu/libexpat.so.1.6.8
7f636c972000-7f636c973000 ---p 00039000 08:05 262399                     /lib/x86_64-linux-gnu/libexpat.so.1.6.8
7f636c973000-7f636c975000 r--p 00039000 08:05 262399                     /lib/x86_64-linux-gnu/libexpat.so.1.6.8
7f636c975000-7f636c976000 rw-p 0003b000 08:05 262399                     /lib/x86_64-linux-gnu/libexpat.so.1.6.8
7f636c976000-7f636c992000 r-xp 00000000 08:05 267898                     /lib/x86_64-linux-gnu/libz.so.1.2.11
7f636c992000-7f636cb91000 ---p 0001c000 08:05 267898                     /lib/x86_64-linux-gnu/libz.so.1.2.11
7f636cb91000-7f636cb92000 r--p 0001b000 08:05 267898                     /lib/x86_64-linux-gnu/libz.so.1.2.11
7f636cb92000-7f636cb93000 rw-p 0001c000 08:05 267898                     /lib/x86_64-linux-gnu/libz.so.1.2.11
7f636cb93000-7f636cbac000 r--p 00000000 08:05 2497759                    /usr/lib/x86_64-linux-gnu/libGLX_mesa.so.0.0.0
7f636cbac000-7f636cbef000 r-xp 00019000 08:05 2497759                    /usr/lib/x86_64-linux-gnu/libGLX_mesa.so.0.0.0
7f636cbef000-7f636cc06000 r--p 0005c000 08:05 2497759                    /usr/lib/x86_64-linux-gnu/libGLX_mesa.so.0.0.0
7f636cc06000-7f636cc07000 ---p 00073000 08:05 2497759                    /usr/lib/x86_64-linux-gnu/libGLX_mesa.so.0.0.0
7f636cc07000-7f636cc0a000 r--p 00073000 08:05 2497759                    /usr/lib/x86_64-linux-gnu/libGLX_mesa.so.0.0.0
7f636cc0a000-7f636cc0b000 rw-p 00076000 08:05 2497759                    /usr/lib/x86_64-linux-gnu/libGLX_mesa.so.0.0.0
7f636cc0b000-7f636cc0c000 rw-p 00000000 00:00 0 
7f636cc0c000-7f636cc2c000 rw-s 00000000 08:05 2758430                    /home/romolo/#2758430 (deleted)
7f636cc2c000-7f636cc4c000 r-xs 00000000 08:05 2758430                    /home/romolo/#2758430 (deleted)
7f636cc4c000-7f636cc8c000 r--p 00000000 08:05 2499054                    /usr/lib/x86_64-linux-gnu/libGLdispatch.so.0.0.0
7f636cc8c000-7f636ccab000 r-xp 00040000 08:05 2499054                    /usr/lib/x86_64-linux-gnu/libGLdispatch.so.0.0.0
7f636ccab000-7f636ccbe000 r--p 0005f000 08:05 2499054                    /usr/lib/x86_64-linux-gnu/libGLdispatch.so.0.0.0
7f636ccbe000-7f636ccbf000 ---p 00072000 08:05 2499054                    /usr/lib/x86_64-linux-gnu/libGLdispatch.so.0.0.0
7f636ccbf000-7f636cce8000 r--p 00072000 08:05 2499054                    /usr/lib/x86_64-linux-gnu/libGLdispatch.so.0.0.0
7f636cce8000-7f636cce9000 rw-p 0009b000 08:05 2499054                    /usr/lib/x86_64-linux-gnu/libGLdispatch.so.0.0.0
7f636cce9000-7f636cd09000 rw-p 00000000 00:00 0 
7f636cd09000-7f636cd0c000 r--p 00000000 08:05 2499049                    /usr/lib/x86_64-linux-gnu/libGLX.so.0.0.0
7f636cd0c000-7f636cd17000 r-xp 00003000 08:05 2499049                    /usr/lib/x86_64-linux-gnu/libGLX.so.0.0.0
7f636cd17000-7f636cd1a000 r--p 0000e000 08:05 2499049                    /usr/lib/x86_64-linux-gnu/libGLX.so.0.0.0
7f636cd1a000-7f636cd1b000 ---p 00011000 08:05 2499049                    /usr/lib/x86_64-linux-gnu/libGLX.so.0.0.0
7f636cd1b000-7f636cd1c000 r--p 00011000 08:05 2499049                    /usr/lib/x86_64-linux-gnu/libGLX.so.0.0.0
7f636cd1c000-7f636cd1d000 rw-p 00012000 08:05 2499049                    /usr/lib/x86_64-linux-gnu/libGLX.so.0.0.0
7f636cd1d000-7f636cd3d000 rw-p 00000000 00:00 0 
7f636cd3d000-7f636cd80000 r--p 00000000 08:05 2499043                    /usr/lib/x86_64-linux-gnu/libGL.so.1.7.0
7f636cd80000-7f636cd9f000 r-xp 00043000 08:05 2499043                    /usr/lib/x86_64-linux-gnu/libGL.so.1.7.0
7f636cd9f000-7f636cdb4000 r--p 00062000 08:05 2499043                    /usr/lib/x86_64-linux-gnu/libGL.so.1.7.0
7f636cdb4000-7f636cdb5000 ---p 00077000 08:05 2499043                    /usr/lib/x86_64-linux-gnu/libGL.so.1.7.0
7f636cdb5000-7f636cdcf000 r--p 00077000 08:05 2499043                    /usr/lib/x86_64-linux-gnu/libGL.so.1.7.0
7f636cdcf000-7f636cdd0000 rw-p 00091000 08:05 2499043                    /usr/lib/x86_64-linux-gnu/libGL.so.1.7.0
7f636cdd0000-7f636cdd1000 rw-p 00000000 00:00 0 
7f636cdd3000-7f636cdd7000 rw-s 00000000 00:2f 741                        /i915 (deleted)
7f636cdd7000-7f636cddc000 rw-s 00000000 00:2f 740                        /i915 (deleted)
7f636cddc000-7f636cde0000 rw-s 00000000 00:2f 709                        /i915 (deleted)
7f636cde0000-7f636cde4000 rw-s 00000000 00:2f 707                        /i915 (deleted)
7f636cde4000-7f636cde9000 rw-s 00000000 00:2f 706                        /i915 (deleted)
7f636cde9000-7f636cdec000 ---p 00000000 00:00 0 
7f636cdec000-7f636ce22000 rw-p 00000000 00:00 0 
7f636ce22000-7f636ce25000 ---p 00000000 00:00 0 
7f636ce25000-7f636cf23000 rw-p 00000000 00:00 0 
7f636cf23000-7f636cf24000 ---p 00000000 00:00 0 
7f636cf24000-7f636d024000 rw-p 00000000 00:00 0 
7f636d024000-7f636d025000 ---p 00000000 00:00 0 
7f636d025000-7f636d825000 rw-p 00000000 00:00 0 
7f636d825000-7f636d843000 r-xp 00000000 08:05 267768                     /lib/x86_64-linux-gnu/libgpg-error.so.0.24.3
7f636d843000-7f636da43000 ---p 0001e000 08:05 267768                     /lib/x86_64-linux-gnu/libgpg-error.so.0.24.3
7f636da43000-7f636da44000 r--p 0001e000 08:05 267768                     /lib/x86_64-linux-gnu/libgpg-error.so.0.24.3
7f636da44000-7f636da45000 rw-p 0001f000 08:05 267768                     /lib/x86_64-linux-gnu/libgpg-error.so.0.24.3
7f636da45000-7f636da49000 r--p 00000000 08:05 267865                     /lib/x86_64-linux-gnu/libresolv-2.28.so
7f636da49000-7f636da58000 r-xp 00004000 08:05 267865                     /lib/x86_64-linux-gnu/libresolv-2.28.so
7f636da58000-7f636da5c000 r--p 00013000 08:05 267865                     /lib/x86_64-linux-gnu/libresolv-2.28.so
7f636da5c000-7f636da5d000 r--p 00016000 08:05 267865                     /lib/x86_64-linux-gnu/libresolv-2.28.so
7f636da5d000-7f636da5e000 rw-p 00017000 08:05 267865                     /lib/x86_64-linux-gnu/libresolv-2.28.so
7f636da5e000-7f636da60000 rw-p 00000000 00:00 0 
7f636da60000-7f636daed000 r-xp 00000000 08:05 2500213                    /usr/lib/x86_64-linux-gnu/libvorbisenc.so.2.0.11
7f636daed000-7f636dcec000 ---p 0008d000 08:05 2500213                    /usr/lib/x86_64-linux-gnu/libvorbisenc.so.2.0.11
7f636dcec000-7f636dd08000 r--p 0008c000 08:05 2500213                    /usr/lib/x86_64-linux-gnu/libvorbisenc.so.2.0.11
7f636dd08000-7f636dd09000 rw-p 000a8000 08:05 2500213                    /usr/lib/x86_64-linux-gnu/libvorbisenc.so.2.0.11
7f636dd09000-7f636dd33000 r-xp 00000000 08:05 2500211                    /usr/lib/x86_64-linux-gnu/libvorbis.so.0.4.8
7f636dd33000-7f636df32000 ---p 0002a000 08:05 2500211                    /usr/lib/x86_64-linux-gnu/libvorbis.so.0.4.8
7f636df32000-7f636df33000 r--p 00029000 08:05 2500211                    /usr/lib/x86_64-linux-gnu/libvorbis.so.0.4.8
7f636df33000-7f636df34000 rw-p 0002a000 08:05 2500211                    /usr/lib/x86_64-linux-gnu/libvorbis.so.0.4.8
7f636df34000-7f636df3b000 r-xp 00000000 08:05 2499895                    /usr/lib/x86_64-linux-gnu/libogg.so.0.8.2
7f636df3b000-7f636e13b000 ---p 00007000 08:05 2499895                    /usr/lib/x86_64-linux-gnu/libogg.so.0.8.2
7f636e13b000-7f636e13c000 r--p 00007000 08:05 2499895                    /usr/lib/x86_64-linux-gnu/libogg.so.0.8.2
7f636e13c000-7f636e13d000 rw-p 00008000 08:05 2499895                    /usr/lib/x86_64-linux-gnu/libogg.so.0.8.2
7f636e13d000-7f636e1b2000 r-xp 00000000 08:05 2499041                    /usr/lib/x86_64-linux-gnu/libFLAC.so.8.3.0
7f636e1b2000-7f636e3b2000 ---p 00075000 08:05 2499041                    /usr/lib/x86_64-linux-gnu/libFLAC.so.8.3.0
7f636e3b2000-7f636e3b3000 r--p 00075000 08:05 2499041                    /usr/lib/x86_64-linux-gnu/libFLAC.so.8.3.0
7f636e3b3000-7f636e3b4000 rw-p 00076000 08:05 2499041                    /usr/lib/x86_64-linux-gnu/libFLAC.so.8.3.0
7f636e3b4000-7f636e4c9000 r-xp 00000000 08:05 267766                     /lib/x86_64-linux-gnu/libgcrypt.so.20.2.3
7f636e4c9000-7f636e6c8000 ---p 00115000 08:05 267766                     /lib/x86_64-linux-gnu/libgcrypt.so.20.2.3
7f636e6c8000-7f636e6ca000 r--p 00114000 08:05 267766                     /lib/x86_64-linux-gnu/libgcrypt.so.20.2.3
7f636e6ca000-7f636e6cf000 rw-p 00116000 08:05 267766                     /lib/x86_64-linux-gnu/libgcrypt.so.20.2.3
7f636e6cf000-7f636e6d0000 rw-p 00000000 00:00 0 
7f636e6d0000-7f636e706000 r-xp 00000000 08:05 2499799                    /usr/lib/x86_64-linux-gnu/liblz4.so.1.8.2
7f636e706000-7f636e905000 ---p 00036000 08:05 2499799                    /usr/lib/x86_64-linux-gnu/liblz4.so.1.8.2
7f636e905000-7f636e906000 r--p 00035000 08:05 2499799                    /usr/lib/x86_64-linux-gnu/liblz4.so.1.8.2
7f636e906000-7f636e907000 rw-p 00036000 08:05 2499799                    /usr/lib/x86_64-linux-gnu/liblz4.so.1.8.2
7f636e907000-7f636e92b000 r-xp 00000000 08:05 267787                     /lib/x86_64-linux-gnu/liblzma.so.5.2.2
7f636e92b000-7f636eb2b000 ---p 00024000 08:05 267787                     /lib/x86_64-linux-gnu/liblzma.so.5.2.2
7f636eb2b000-7f636eb2c000 r--p 00024000 08:05 267787                     /lib/x86_64-linux-gnu/liblzma.so.5.2.2
7f636eb2c000-7f636eb2d000 rw-p 00025000 08:05 267787                     /lib/x86_64-linux-gnu/liblzma.so.5.2.2
7f636eb2d000-7f636eb32000 r-xp 00000000 08:05 2499174                    /usr/lib/x86_64-linux-gnu/libasyncns.so.0.3.1
7f636eb32000-7f636ed31000 ---p 00005000 08:05 2499174                    /usr/lib/x86_64-linux-gnu/libasyncns.so.0.3.1
7f636ed31000-7f636ed32000 r--p 00004000 08:05 2499174                    /usr/lib/x86_64-linux-gnu/libasyncns.so.0.3.1
7f636ed32000-7f636ed33000 rw-p 00005000 08:05 2499174                    /usr/lib/x86_64-linux-gnu/libasyncns.so.0.3.1
7f636ed33000-7f636ed39000 r--p 00000000 08:05 2490770                    /usr/lib/x86_64-linux-gnu/libsndfile.so.1.0.28
7f636ed39000-7f636ed8b000 r-xp 00006000 08:05 2490770                    /usr/lib/x86_64-linux-gnu/libsndfile.so.1.0.28
7f636ed8b000-7f636eda8000 r--p 00058000 08:05 2490770                    /usr/lib/x86_64-linux-gnu/libsndfile.so.1.0.28
7f636eda8000-7f636edab000 r--p 00074000 08:05 2490770                    /usr/lib/x86_64-linux-gnu/libsndfile.so.1.0.28
7f636edab000-7f636edac000 rw-p 00077000 08:05 2490770                    /usr/lib/x86_64-linux-gnu/libsndfile.so.1.0.28
7f636edac000-7f636edae000 rw-p 00000000 00:00 0 
7f636edae000-7f636edb6000 r-xp 00000000 08:05 267896                     /lib/x86_64-linux-gnu/libwrap.so.0.7.6
7f636edb6000-7f636efb6000 ---p 00008000 08:05 267896                     /lib/x86_64-linux-gnu/libwrap.so.0.7.6
7f636efb6000-7f636efb7000 r--p 00008000 08:05 267896                     /lib/x86_64-linux-gnu/libwrap.so.0.7.6
7f636efb7000-7f636efb8000 rw-p 00009000 08:05 267896                     /lib/x86_64-linux-gnu/libwrap.so.0.7.6
7f636efb8000-7f636efc5000 r--p 00000000 08:05 262385                     /lib/x86_64-linux-gnu/libsystemd.so.0.23.0
7f636efc5000-7f636f020000 r-xp 0000d000 08:05 262385                     /lib/x86_64-linux-gnu/libsystemd.so.0.23.0
7f636f020000-7f636f03d000 r--p 00068000 08:05 262385                     /lib/x86_64-linux-gnu/libsystemd.so.0.23.0
7f636f03d000-7f636f040000 r--p 00084000 08:05 262385                     /lib/x86_64-linux-gnu/libsystemd.so.0.23.0
7f636f040000-7f636f041000 rw-p 00087000 08:05 262385                     /lib/x86_64-linux-gnu/libsystemd.so.0.23.0
7f636f041000-7f636f042000 rw-p 00000000 00:00 0 
7f636f042000-7f636f04d000 r--p 00000000 08:05 262624                     /lib/x86_64-linux-gnu/libdbus-1.so.3.19.8
7f636f04d000-7f636f07a000 r-xp 0000b000 08:05 262624                     /lib/x86_64-linux-gnu/libdbus-1.so.3.19.8
7f636f07a000-7f636f08f000 r--p 00038000 08:05 262624                     /lib/x86_64-linux-gnu/libdbus-1.so.3.19.8
7f636f08f000-7f636f090000 r--p 0004c000 08:05 262624                     /lib/x86_64-linux-gnu/libdbus-1.so.3.19.8
7f636f090000-7f636f091000 rw-p 0004d000 08:05 262624                     /lib/x86_64-linux-gnu/libdbus-1.so.3.19.8
7f636f091000-7f636f0a2000 r--p 00000000 08:05 2756888                    /usr/lib/x86_64-linux-gnu/pulseaudio/libpulsecommon-12.2.so
7f636f0a2000-7f636f0e8000 r-xp 00011000 08:05 2756888                    /usr/lib/x86_64-linux-gnu/pulseaudio/libpulsecommon-12.2.so
7f636f0e8000-7f636f10e000 r--p 00057000 08:05 2756888                    /usr/lib/x86_64-linux-gnu/pulseaudio/libpulsecommon-12.2.so
7f636f10e000-7f636f110000 r--p 0007c000 08:05 2756888                    /usr/lib/x86_64-linux-gnu/pulseaudio/libpulsecommon-12.2.so
7f636f110000-7f636f111000 rw-p 0007e000 08:05 2756888                    /usr/lib/x86_64-linux-gnu/pulseaudio/libpulsecommon-12.2.so
7f636f111000-7f636f166000 r-xp 00000000 08:05 3024882                    /tmp/libgdxromolo/31ce78a2/libopenal64.so
7f636f166000-7f636f365000 ---p 00055000 08:05 3024882                    /tmp/libgdxromolo/31ce78a2/libopenal64.so
7f636f365000-7f636f368000 r--p 00054000 08:05 3024882                    /tmp/libgdxromolo/31ce78a2/libopenal64.so
7f636f368000-7f636f369000 rw-p 00057000 08:05 3024882                    /tmp/libgdxromolo/31ce78a2/libopenal64.so
7f636f369000-7f636f36a000 rw-p 00000000 00:00 0 
7f636f36a000-7f636f36f000 r-xp 00000000 08:05 2499141                    /usr/lib/x86_64-linux-gnu/libXxf86vm.so.1.0.0
7f636f36f000-7f636f56e000 ---p 00005000 08:05 2499141                    /usr/lib/x86_64-linux-gnu/libXxf86vm.so.1.0.0
7f636f56e000-7f636f56f000 r--p 00004000 08:05 2499141                    /usr/lib/x86_64-linux-gnu/libXxf86vm.so.1.0.0
7f636f56f000-7f636f570000 rw-p 00005000 08:05 2499141                    /usr/lib/x86_64-linux-gnu/libXxf86vm.so.1.0.0
7f636f570000-7f636f57a000 r-xp 00000000 08:05 2499123                    /usr/lib/x86_64-linux-gnu/libXrandr.so.2.2.0
7f636f57a000-7f636f779000 ---p 0000a000 08:05 2499123                    /usr/lib/x86_64-linux-gnu/libXrandr.so.2.2.0
7f636f779000-7f636f77a000 r--p 00009000 08:05 2499123                    /usr/lib/x86_64-linux-gnu/libXrandr.so.2.2.0
7f636f77a000-7f636f77b000 rw-p 0000a000 08:05 2499123                    /usr/lib/x86_64-linux-gnu/libXrandr.so.2.2.0
7f636f77b000-7f636f7eb000 r-xp 00000000 08:05 3024730                    /tmp/libgdxromolo/31ce78a2/liblwjgl64.so
7f636f7eb000-7f636f9eb000 ---p 00070000 08:05 3024730                    /tmp/libgdxromolo/31ce78a2/liblwjgl64.so
7f636f9eb000-7f636f9ed000 r--p 00070000 08:05 3024730                    /tmp/libgdxromolo/31ce78a2/liblwjgl64.so
7f636f9ed000-7f636f9ee000 rw-p 00072000 08:05 3024730                    /tmp/libgdxromolo/31ce78a2/liblwjgl64.so
7f636f9ee000-7f636f9ef000 r-xp 00000000 08:05 2634193                    /usr/lib/jvm/java-8-oracle/jre/lib/amd64/libjawt.so
7f636f9ef000-7f636fbee000 ---p 00001000 08:05 2634193                    /usr/lib/jvm/java-8-oracle/jre/lib/amd64/libjawt.so
7f636fbee000-7f636fbef000 r--p 00000000 08:05 2634193                    /usr/lib/jvm/java-8-oracle/jre/lib/amd64/libjawt.so
7f636fbef000-7f636fbf0000 rw-p 00001000 08:05 2634193                    /usr/lib/jvm/java-8-oracle/jre/lib/amd64/libjawt.so
7f636fbf0000-7f636fbf5000 r-xp 00000000 08:05 2499107                    /usr/lib/x86_64-linux-gnu/libXfixes.so.3.1.0
7f636fbf5000-7f636fdf4000 ---p 00005000 08:05 2499107                    /usr/lib/x86_64-linux-gnu/libXfixes.so.3.1.0
7f636fdf4000-7f636fdf5000 r--p 00004000 08:05 2499107                    /usr/lib/x86_64-linux-gnu/libXfixes.so.3.1.0
7f636fdf5000-7f636fdf6000 rw-p 00005000 08:05 2499107                    /usr/lib/x86_64-linux-gnu/libXfixes.so.3.1.0
7f636fdf6000-7f636fdff000 r-xp 00000000 08:05 2499099                    /usr/lib/x86_64-linux-gnu/libXcursor.so.1.0.2
7f636fdff000-7f636fffe000 ---p 00009000 08:05 2499099                    /usr/lib/x86_64-linux-gnu/libXcursor.so.1.0.2
7f636fffe000-7f636ffff000 r--p 00008000 08:05 2499099                    /usr/lib/x86_64-linux-gnu/libXcursor.so.1.0.2
7f636ffff000-7f6370000000 rw-p 00009000 08:05 2499099                    /usr/lib/x86_64-linux-gnu/libXcursor.so.1.0.2
7f6370000000-7f6370021000 rw-p 00000000 00:00 0 
7f6370021000-7f6374000000 ---p 00000000 00:00 0 
7f6374000000-7f6374021000 rw-p 00000000 00:00 0 
7f6374021000-7f6378000000 ---p 00000000 00:00 0 
7f6378000000-7f63782d4000 rw-p 00000000 00:00 0 
7f63782d4000-7f637c000000 ---p 00000000 00:00 0 
7f637c000000-7f637c021000 rw-p 00000000 00:00 0 
7f637c021000-7f6380000000 ---p 00000000 00:00 0 
7f6380000000-7f63801d2000 rw-p 00000000 00:00 0 
7f63801d2000-7f6384000000 ---p 00000000 00:00 0 
7f6384000000-7f63840eb000 rw-p 00000000 00:00 0 
7f63840eb000-7f6388000000 ---p 00000000 00:00 0 
7f6388000000-7f6388021000 rw-p 00000000 00:00 0 
7f6388021000-7f638c000000 ---p 00000000 00:00 0 
7f638c000000-7f638c021000 rw-p 00000000 00:00 0 
7f638c021000-7f6390000000 ---p 00000000 00:00 0 
7f6390000000-7f6390021000 rw-p 00000000 00:00 0 
7f6390021000-7f6394000000 ---p 00000000 00:00 0 
7f6394000000-7f6394021000 rw-p 00000000 00:00 0 
7f6394021000-7f6398000000 ---p 00000000 00:00 0 
7f6398000000-7f6398021000 rw-p 00000000 00:00 0 
7f6398021000-7f639c000000 ---p 00000000 00:00 0 
7f639c000000-7f639c021000 rw-p 00000000 00:00 0 
7f639c021000-7f63a0000000 ---p 00000000 00:00 0 
7f63a0000000-7f63a0021000 rw-p 00000000 00:00 0 
7f63a0021000-7f63a4000000 ---p 00000000 00:00 0 
7f63a4003000-7f63a4007000 r--p 00000000 08:05 267811                     /lib/x86_64-linux-gnu/libnsl-2.28.so
7f63a4007000-7f63a4015000 r-xp 00004000 08:05 267811                     /lib/x86_64-linux-gnu/libnsl-2.28.so
7f63a4015000-7f63a401a000 r--p 00012000 08:05 267811                     /lib/x86_64-linux-gnu/libnsl-2.28.so
7f63a401a000-7f63a401b000 r--p 00016000 08:05 267811                     /lib/x86_64-linux-gnu/libnsl-2.28.so
7f63a401b000-7f63a401c000 rw-p 00017000 08:05 267811                     /lib/x86_64-linux-gnu/libnsl-2.28.so
7f63a401c000-7f63a401e000 rw-p 00000000 00:00 0 
7f63a401e000-7f63a4029000 r--p 00000000 08:05 2497376                    /usr/lib/x86_64-linux-gnu/libpulse.so.0.20.3
7f63a4029000-7f63a4057000 r-xp 0000b000 08:05 2497376                    /usr/lib/x86_64-linux-gnu/libpulse.so.0.20.3
7f63a4057000-7f63a406c000 r--p 00039000 08:05 2497376                    /usr/lib/x86_64-linux-gnu/libpulse.so.0.20.3
7f63a406c000-7f63a406e000 r--p 0004d000 08:05 2497376                    /usr/lib/x86_64-linux-gnu/libpulse.so.0.20.3
7f63a406e000-7f63a406f000 rw-p 0004f000 08:05 2497376                    /usr/lib/x86_64-linux-gnu/libpulse.so.0.20.3
7f63a406f000-7f63a4072000 ---p 00000000 00:00 0 
7f63a4072000-7f63a4170000 rw-p 00000000 00:00 0 
7f63a4170000-7f63a4173000 ---p 00000000 00:00 0 
7f63a4173000-7f63a4271000 rw-p 00000000 00:00 0 
7f63a4271000-7f63a42ce000 r-xp 00000000 08:05 2634179                    /usr/lib/jvm/java-8-oracle/jre/lib/amd64/libfontmanager.so
7f63a42ce000-7f63a44ce000 ---p 0005d000 08:05 2634179                    /usr/lib/jvm/java-8-oracle/jre/lib/amd64/libfontmanager.so
7f63a44ce000-7f63a44d1000 r--p 0005d000 08:05 2634179                    /usr/lib/jvm/java-8-oracle/jre/lib/amd64/libfontmanager.so
7f63a44d1000-7f63a44d2000 rw-p 00060000 08:05 2634179                    /usr/lib/jvm/java-8-oracle/jre/lib/amd64/libfontmanager.so
7f63a44d2000-7f63a44f3000 r--p 00000000 08:05 269320                     /usr/share/locale-langpack/it/LC_MESSAGES/libc.mo
7f63a44f3000-7f63a4508000 r-xp 00000000 08:05 267725                     /lib/x86_64-linux-gnu/libbsd.so.0.9.1
7f63a4508000-7f63a4707000 ---p 00015000 08:05 267725                     /lib/x86_64-linux-gnu/libbsd.so.0.9.1
7f63a4707000-7f63a4708000 r--p 00014000 08:05 267725                     /lib/x86_64-linux-gnu/libbsd.so.0.9.1
7f63a4708000-7f63a4709000 rw-p 00015000 08:05 267725                     /lib/x86_64-linux-gnu/libbsd.so.0.9.1
7f63a4709000-7f63a470a000 rw-p 00000000 00:00 0 
7f63a470a000-7f63a470f000 r-xp 00000000 08:05 2499103                    /usr/lib/x86_64-linux-gnu/libXdmcp.so.6.0.0
7f63a470f000-7f63a490e000 ---p 00005000 08:05 2499103                    /usr/lib/x86_64-linux-gnu/libXdmcp.so.6.0.0
7f63a490e000-7f63a490f000 r--p 00004000 08:05 2499103                    /usr/lib/x86_64-linux-gnu/libXdmcp.so.6.0.0
7f63a490f000-7f63a4910000 rw-p 00005000 08:05 2499103                    /usr/lib/x86_64-linux-gnu/libXdmcp.so.6.0.0
7f63a4910000-7f63a4912000 r-xp 00000000 08:05 2499092                    /usr/lib/x86_64-linux-gnu/libXau.so.6.0.0
7f63a4912000-7f63a4b12000 ---p 00002000 08:05 2499092                    /usr/lib/x86_64-linux-gnu/libXau.so.6.0.0
7f63a4b12000-7f63a4b13000 r--p 00002000 08:05 2499092                    /usr/lib/x86_64-linux-gnu/libXau.so.6.0.0
7f63a4b13000-7f63a4b14000 rw-p 00003000 08:05 2499092                    /usr/lib/x86_64-linux-gnu/libXau.so.6.0.0
7f63a4b14000-7f63a4b1f000 r--p 00000000 08:05 2500309                    /usr/lib/x86_64-linux-gnu/libxcb.so.1.1.0
7f63a4b1f000-7f63a4b32000 r-xp 0000b000 08:05 2500309                    /usr/lib/x86_64-linux-gnu/libxcb.so.1.1.0
7f63a4b32000-7f63a4b3b000 r--p 0001e000 08:05 2500309                    /usr/lib/x86_64-linux-gnu/libxcb.so.1.1.0
7f63a4b3b000-7f63a4b3c000 r--p 00026000 08:05 2500309                    /usr/lib/x86_64-linux-gnu/libxcb.so.1.1.0
7f63a4b3c000-7f63a4b3d000 rw-p 00027000 08:05 2500309                    /usr/lib/x86_64-linux-gnu/libxcb.so.1.1.0
7f63a4b3d000-7f63a4b4c000 r-xp 00000000 08:05 2499113                    /usr/lib/x86_64-linux-gnu/libXi.so.6.1.0
7f63a4b4c000-7f63a4d4b000 ---p 0000f000 08:05 2499113                    /usr/lib/x86_64-linux-gnu/libXi.so.6.1.0
7f63a4d4b000-7f63a4d4c000 r--p 0000e000 08:05 2499113                    /usr/lib/x86_64-linux-gnu/libXi.so.6.1.0
7f63a4d4c000-7f63a4d4d000 rw-p 0000f000 08:05 2499113                    /usr/lib/x86_64-linux-gnu/libXi.so.6.1.0
7f63a4d4d000-7f63a4d52000 r-xp 00000000 08:05 2499131                    /usr/lib/x86_64-linux-gnu/libXtst.so.6.1.0
7f63a4d52000-7f63a4f51000 ---p 00005000 08:05 2499131                    /usr/lib/x86_64-linux-gnu/libXtst.so.6.1.0
7f63a4f51000-7f63a4f52000 r--p 00004000 08:05 2499131                    /usr/lib/x86_64-linux-gnu/libXtst.so.6.1.0
7f63a4f52000-7f63a4f53000 rw-p 00005000 08:05 2499131                    /usr/lib/x86_64-linux-gnu/libXtst.so.6.1.0
7f63a4f53000-7f63a4f5c000 r-xp 00000000 08:05 2499125                    /usr/lib/x86_64-linux-gnu/libXrender.so.1.3.0
7f63a4f5c000-7f63a515b000 ---p 00009000 08:05 2499125                    /usr/lib/x86_64-linux-gnu/libXrender.so.1.3.0
7f63a515b000-7f63a515c000 r--p 00008000 08:05 2499125                    /usr/lib/x86_64-linux-gnu/libXrender.so.1.3.0
7f63a515c000-7f63a515d000 rw-p 00009000 08:05 2499125                    /usr/lib/x86_64-linux-gnu/libXrender.so.1.3.0
7f63a515d000-7f63a5175000 r--p 00000000 08:05 2499088                    /usr/lib/x86_64-linux-gnu/libX11.so.6.3.0
7f63a5175000-7f63a51fd000 r-xp 00018000 08:05 2499088                    /usr/lib/x86_64-linux-gnu/libX11.so.6.3.0
7f63a51fd000-7f63a5291000 r--p 000a0000 08:05 2499088                    /usr/lib/x86_64-linux-gnu/libX11.so.6.3.0
7f63a5291000-7f63a5292000 ---p 00134000 08:05 2499088                    /usr/lib/x86_64-linux-gnu/libX11.so.6.3.0
7f63a5292000-7f63a5293000 r--p 00134000 08:05 2499088                    /usr/lib/x86_64-linux-gnu/libX11.so.6.3.0
7f63a5293000-7f63a5297000 rw-p 00135000 08:05 2499088                    /usr/lib/x86_64-linux-gnu/libX11.so.6.3.0
7f63a5297000-7f63a52a8000 r-xp 00000000 08:05 2499105                    /usr/lib/x86_64-linux-gnu/libXext.so.6.4.0
7f63a52a8000-7f63a54a7000 ---p 00011000 08:05 2499105                    /usr/lib/x86_64-linux-gnu/libXext.so.6.4.0
7f63a54a7000-7f63a54a8000 r--p 00010000 08:05 2499105                    /usr/lib/x86_64-linux-gnu/libXext.so.6.4.0
7f63a54a8000-7f63a54a9000 rw-p 00011000 08:05 2499105                    /usr/lib/x86_64-linux-gnu/libXext.so.6.4.0
7f63a54a9000-7f63a54aa000 rw-s 00000000 00:2f 766                        /i915 (deleted)
7f63a54aa000-7f63a54ab000 rw-s 00000000 00:2f 763                        /i915 (deleted)
7f63a54ab000-7f63a54ac000 r--p 00000000 08:05 2499086                    /usr/lib/x86_64-linux-gnu/libX11-xcb.so.1.0.0
7f63a54ac000-7f63a54ad000 r-xp 00001000 08:05 2499086                    /usr/lib/x86_64-linux-gnu/libX11-xcb.so.1.0.0
7f63a54ad000-7f63a54ae000 r--p 00002000 08:05 2499086                    /usr/lib/x86_64-linux-gnu/libX11-xcb.so.1.0.0
7f63a54ae000-7f63a54af000 r--p 00002000 08:05 2499086                    /usr/lib/x86_64-linux-gnu/libX11-xcb.so.1.0.0
7f63a54af000-7f63a54b0000 rw-p 00003000 08:05 2499086                    /usr/lib/x86_64-linux-gnu/libX11-xcb.so.1.0.0
7f63a54b0000-7f63a54c1000 r--p 00000000 08:05 269383                     /usr/share/locale-langpack/it/LC_MESSAGES/pulseaudio.mo
7f63a54c1000-7f63a5514000 r-xp 00000000 08:05 2634206                    /usr/lib/jvm/java-8-oracle/jre/lib/amd64/libawt_xawt.so
7f63a5514000-7f63a5713000 ---p 00053000 08:05 2634206                    /usr/lib/jvm/java-8-oracle/jre/lib/amd64/libawt_xawt.so
7f63a5713000-7f63a5714000 r--p 00052000 08:05 2634206                    /usr/lib/jvm/java-8-oracle/jre/lib/amd64/libawt_xawt.so
7f63a5714000-7f63a5717000 rw-p 00053000 08:05 2634206                    /usr/lib/jvm/java-8-oracle/jre/lib/amd64/libawt_xawt.so
7f63a5717000-7f63a5718000 rw-p 00000000 00:00 0 
7f63a5718000-7f63a57b8000 r-xp 00000000 08:05 2634192                    /usr/lib/jvm/java-8-oracle/jre/lib/amd64/libawt.so
7f63a57b8000-7f63a59b7000 ---p 000a0000 08:05 2634192                    /usr/lib/jvm/java-8-oracle/jre/lib/amd64/libawt.so
7f63a59b7000-7f63a59b8000 r--p 0009f000 08:05 2634192                    /usr/lib/jvm/java-8-oracle/jre/lib/amd64/libawt.so
7f63a59b8000-7f63a59c3000 rw-p 000a0000 08:05 2634192                    /usr/lib/jvm/java-8-oracle/jre/lib/amd64/libawt.so
7f63a59c3000-7f63a59e8000 rw-p 00000000 00:00 0 
7f63a59e8000-7f63a59eb000 r--p 00000000 08:05 262632                     /lib/x86_64-linux-gnu/libgcc_s.so.1
7f63a59eb000-7f63a59fc000 r-xp 00003000 08:05 262632                     /lib/x86_64-linux-gnu/libgcc_s.so.1
7f63a59fc000-7f63a59ff000 r--p 00014000 08:05 262632                     /lib/x86_64-linux-gnu/libgcc_s.so.1
7f63a59ff000-7f63a5a00000 ---p 00017000 08:05 262632                     /lib/x86_64-linux-gnu/libgcc_s.so.1
7f63a5a00000-7f63a5a01000 r--p 00017000 08:05 262632                     /lib/x86_64-linux-gnu/libgcc_s.so.1
7f63a5a01000-7f63a5a02000 rw-p 00018000 08:05 262632                     /lib/x86_64-linux-gnu/libgcc_s.so.1
7f63a5a02000-7f63a5a8c000 r--p 00000000 08:05 2490517                    /usr/lib/x86_64-linux-gnu/libstdc++.so.6.0.25
7f63a5a8c000-7f63a5b3f000 r-xp 0008a000 08:05 2490517                    /usr/lib/x86_64-linux-gnu/libstdc++.so.6.0.25
7f63a5b3f000-7f63a5b7c000 r--p 0013d000 08:05 2490517                    /usr/lib/x86_64-linux-gnu/libstdc++.so.6.0.25
7f63a5b7c000-7f63a5b7d000 ---p 0017a000 08:05 2490517                    /usr/lib/x86_64-linux-gnu/libstdc++.so.6.0.25
7f63a5b7d000-7f63a5b87000 r--p 0017a000 08:05 2490517                    /usr/lib/x86_64-linux-gnu/libstdc++.so.6.0.25
7f63a5b87000-7f63a5b89000 rw-p 00184000 08:05 2490517                    /usr/lib/x86_64-linux-gnu/libstdc++.so.6.0.25
7f63a5b89000-7f63a5b8d000 rw-p 00000000 00:00 0 
7f63a5b8d000-7f63a5b8e000 rw-s 00000000 00:05 59962                      /memfd:xshmfence (deleted)
7f63a5b8e000-7f63a5b8f000 rwxp 00000000 00:00 0 
7f63a5b8f000-7f63a5b90000 r--p 00000000 08:05 2500285                    /usr/lib/x86_64-linux-gnu/libxcb-present.so.0.0.0
7f63a5b90000-7f63a5b91000 r-xp 00001000 08:05 2500285                    /usr/lib/x86_64-linux-gnu/libxcb-present.so.0.0.0
7f63a5b91000-7f63a5b92000 r--p 00002000 08:05 2500285                    /usr/lib/x86_64-linux-gnu/libxcb-present.so.0.0.0
7f63a5b92000-7f63a5b93000 r--p 00002000 08:05 2500285                    /usr/lib/x86_64-linux-gnu/libxcb-present.so.0.0.0
7f63a5b93000-7f63a5b94000 rw-p 00003000 08:05 2500285                    /usr/lib/x86_64-linux-gnu/libxcb-present.so.0.0.0
7f63a5b94000-7f63a5b96000 r--p 00000000 08:05 2500275                    /usr/lib/x86_64-linux-gnu/libxcb-dri3.so.0.0.0
7f63a5b96000-7f63a5b97000 r-xp 00002000 08:05 2500275                    /usr/lib/x86_64-linux-gnu/libxcb-dri3.so.0.0.0
7f63a5b97000-7f63a5b98000 r--p 00003000 08:05 2500275                    /usr/lib/x86_64-linux-gnu/libxcb-dri3.so.0.0.0
7f63a5b98000-7f63a5b99000 r--p 00003000 08:05 2500275                    /usr/lib/x86_64-linux-gnu/libxcb-dri3.so.0.0.0
7f63a5b99000-7f63a5b9a000 rw-p 00004000 08:05 2500275                    /usr/lib/x86_64-linux-gnu/libxcb-dri3.so.0.0.0
7f63a5b9a000-7f63a5ba1000 r--s 00000000 08:05 2626546                    /usr/lib/x86_64-linux-gnu/gconv/gconv-modules.cache
7f63a5ba1000-7f63a5ba5000 r--s 000a1000 08:05 2634141                    /usr/lib/jvm/java-8-oracle/jre/lib/jsse.jar
7f63a5ba5000-7f63a5bd9000 r-xp 00000000 08:05 3024709                    /tmp/libgdxromolo/3db1ff57/libgdx64.so
7f63a5bd9000-7f63a5dd9000 ---p 00034000 08:05 3024709                    /tmp/libgdxromolo/3db1ff57/libgdx64.so
7f63a5dd9000-7f63a5dda000 r--p 00034000 08:05 3024709                    /tmp/libgdxromolo/3db1ff57/libgdx64.so
7f63a5dda000-7f63a5ddb000 rw-p 00035000 08:05 3024709                    /tmp/libgdxromolo/3db1ff57/libgdx64.so
7f63a5ddb000-7f63a5ddc000 r--s 00002000 08:05 2228319                    /home/romolo/.gradle/caches/modules-2/files-2.1/net.java.jinput/jinput-platform/2.0.5/53f9c919f34d2ca9de8c51fc4e1e8282029a9232/jinput-platform-2.0.5-natives-osx.jar
7f63a5ddc000-7f63a5ddd000 r--s 00025000 08:05 2228318                    /home/romolo/.gradle/caches/modules-2/files-2.1/net.java.jinput/jinput-platform/2.0.5/385ee093e01f587f30ee1c8a2ee7d408fd732e16/jinput-platform-2.0.5-natives-windows.jar
7f63a5ddd000-7f63a5dde000 r--s 00002000 08:05 2228317                    /home/romolo/.gradle/caches/modules-2/files-2.1/net.java.jinput/jinput-platform/2.0.5/7ff832a6eb9ab6a767f1ade2b548092d0fa64795/jinput-platform-2.0.5-natives-linux.jar
7f63a5dde000-7f63a5ddf000 r--s 00001000 08:05 2228316                    /home/romolo/.gradle/caches/modules-2/files-2.1/net.java.jutils/jutils/1.0.0/e12fe1fda814bd348c1579329c86943d2cd3c6a6/jutils-1.0.0.jar
7f63a5ddf000-7f63a5de3000 r--s 0002f000 08:05 2228315                    /home/romolo/.gradle/caches/modules-2/files-2.1/net.java.jinput/jinput/2.0.5/39c7796b469a600f72380316f6b1f11db6c2c7c4/jinput-2.0.5.jar
7f63a5de3000-7f63a5de4000 r--s 00068000 08:05 2228314                    /home/romolo/.gradle/caches/modules-2/files-2.1/org.lwjgl.lwjgl/lwjgl-platform/2.9.2/d55b46b40b40249d627a83a7f7f22649709d70c3/lwjgl-platform-2.9.2-natives-osx.jar
7f63a5de4000-7f63a5de5000 r--s 0008d000 08:05 2228313                    /home/romolo/.gradle/caches/modules-2/files-2.1/org.lwjgl.lwjgl/lwjgl-platform/2.9.2/d276cdf61fe2b516c7b7f4aa1b8dea91dbdc8d56/lwjgl-platform-2.9.2-natives-linux.jar
7f63a5de5000-7f63a5de7000 r--s 00017000 08:05 2228311                    /home/romolo/.gradle/caches/modules-2/files-2.1/org.jcraft/jorbis/0.0.17/8872d22b293e8f5d7d56ff92be966e6dc28ebdc6/jorbis-0.0.17.jar
7f63a5de7000-7f63a5df5000 r--s 000f2000 08:05 2228309                    /home/romolo/.gradle/caches/modules-2/files-2.1/org.lwjgl.lwjgl/lwjgl/2.9.2/a9d80fe5935c7a9149f6584d9777cfd471f65489/lwjgl-2.9.2.jar
7f63a5df5000-7f63a5e11000 r--s 001be000 08:05 2228277                    /home/romolo/.gradle/caches/modules-2/files-2.1/com.badlogicgames.gdx/gdx/1.9.9/bf26f2f816b3cfe37ac6e66615391c30714b7030/gdx-1.9.9.jar
7f63a5e11000-7f63a5e12000 ---p 00000000 00:00 0 
7f63a5e12000-7f63a5f12000 rw-p 00000000 00:00 0 
7f63a5f12000-7f63a5f15000 ---p 00000000 00:00 0 
7f63a5f15000-7f63a6013000 rw-p 00000000 00:00 0 
7f63a6013000-7f63a6014000 ---p 00000000 00:00 0 
7f63a6014000-7f63a6017000 ---p 00000000 00:00 0 
7f63a6017000-7f63a6114000 rw-p 00000000 00:00 0 
7f63a6114000-7f63a6115000 ---p 00000000 00:00 0 
7f63a6115000-7f63a6118000 ---p 00000000 00:00 0 
7f63a6118000-7f63a6215000 rw-p 00000000 00:00 0 
7f63a6215000-7f63a6216000 ---p 00000000 00:00 0 
7f63a6216000-7f63a6219000 ---p 00000000 00:00 0 
7f63a6219000-7f63a6316000 rw-p 00000000 00:00 0 
7f63a6316000-7f63a6319000 ---p 00000000 00:00 0 
7f63a6319000-7f63a6417000 rw-p 00000000 00:00 0 
7f63a6417000-7f63a71f2000 r--p 00000000 08:05 2497257                    /usr/lib/locale/locale-archive
7f63a71f2000-7f63a71f5000 ---p 00000000 00:00 0 
7f63a71f5000-7f63a72f3000 rw-p 00000000 00:00 0 
7f63a72f3000-7f63a72f6000 ---p 00000000 00:00 0 
7f63a72f6000-7f63a73f4000 rw-p 00000000 00:00 0 
7f63a73f4000-7f63a73f5000 ---p 00000000 00:00 0 
7f63a73f5000-7f63a8000000 rw-p 00000000 00:00 0 
7f63a8000000-7f63a8021000 rw-p 00000000 00:00 0 
7f63a8021000-7f63ac000000 ---p 00000000 00:00 0 
7f63ac000000-7f63ac001000 r--s 00095000 08:05 2228312                    /home/romolo/.gradle/caches/modules-2/files-2.1/org.lwjgl.lwjgl/lwjgl-platform/2.9.2/510c7d317f5e9e700b9cfaac5fd38bdebf0702e0/lwjgl-platform-2.9.2-natives-windows.jar
7f63ac001000-7f63ac002000 r--s 00015000 08:05 2228310                    /home/romolo/.gradle/caches/modules-2/files-2.1/com.badlogicgames.jlayer/jlayer/1.0.1-gdx/7cca83cec5c1b2f011362f4d85aabd71a73b049d/jlayer-1.0.1-gdx.jar
7f63ac002000-7f63ac006000 r--s 00027000 08:05 2228308                    /home/romolo/.gradle/caches/modules-2/files-2.1/org.lwjgl.lwjgl/lwjgl_util/2.9.2/4b9e37300a87799856e0bd15ed81663cdb6b0947/lwjgl_util-2.9.2.jar
7f63ac006000-7f63ac008000 r--s 00005000 08:05 2228307                    /home/romolo/.gradle/caches/modules-2/files-2.1/com.badlogicgames.gdx/gdx-backend-headless/1.9.9/657d1d232f274162eb8fd600a137b2221f2fc9c/gdx-backend-headless-1.9.9.jar
7f63ac008000-7f63ac00a000 r--s 00002000 08:05 2228275                    /home/romolo/.gradle/caches/modules-2/files-2.1/com.badlogicgames.gdx/gdx-controllers/1.9.9/55b69a040e076b17d01a5057f9cb2ce338a3331a/gdx-controllers-1.9.9.jar
7f63ac00a000-7f63ac00b000 r--s 00009000 08:05 2228273                    /home/romolo/.gradle/caches/modules-2/files-2.1/com.badlogicgames.gdx/gdx-freetype/1.9.9/d947872087863b654d9a0e27a8cb10a29d6fd3d6/gdx-freetype-1.9.9.jar
7f63ac00b000-7f63ac00d000 r--s 00010000 08:05 2228276                    /home/romolo/.gradle/caches/modules-2/files-2.1/com.badlogicgames.gdx/gdx-box2d/1.9.9/e9a43c50fbe4f1e26dd0af5d2e78d125549e7f6b/gdx-box2d-1.9.9.jar
7f63ac00d000-7f63ac00e000 r--s 0015f000 08:05 2228306                    /home/romolo/.gradle/caches/modules-2/files-2.1/com.badlogicgames.gdx/gdx-controllers-platform/1.9.9/26b8735060fdfd7dc6529cf5085fa57144a349d9/gdx-controllers-platform-1.9.9-natives-desktop.jar
7f63ac00e000-7f63ac010000 r--s 00004000 08:05 2228305                    /home/romolo/.gradle/caches/modules-2/files-2.1/com.badlogicgames.gdx/gdx-controllers-desktop/1.9.9/d4b8b62f077382db145e7a94a27a994b68ce6ee/gdx-controllers-desktop-1.9.9.jar
7f63ac010000-7f63ac011000 r--s 00222000 08:05 2228304                    /home/romolo/.gradle/caches/modules-2/files-2.1/com.badlogicgames.gdx/gdx-freetype-platform/1.9.9/43485d7534081df8c26c572912935771cdb28b4a/gdx-freetype-platform-1.9.9-natives-desktop.jar
7f63ac011000-7f63ac014000 r--s 00021000 08:05 2228301                    /home/romolo/.gradle/caches/modules-2/files-2.1/com.badlogicgames.gdx/gdx-backend-lwjgl/1.9.9/ca8911cb94c0bfeb59f99e46ca9b92440958fb0e/gdx-backend-lwjgl-1.9.9.jar
7f63ac014000-7f63ac4bd000 rw-p 00000000 00:00 0 
7f63ac4bd000-7f63ac697000 r--s 03d6f000 08:05 2634136                    /usr/lib/jvm/java-8-oracle/jre/lib/rt.jar
7f63ac697000-7f63b1000000 rw-p 00000000 00:00 0 
7f63b1000000-7f63b12f0000 rwxp 00000000 00:00 0 
7f63b12f0000-7f63c0000000 ---p 00000000 00:00 0 
7f63c0000000-7f63c04ab000 rw-p 00000000 00:00 0 
7f63c04ab000-7f63c4000000 ---p 00000000 00:00 0 
7f63c4000000-7f63c4001000 r--s 000e8000 08:05 2228302                    /home/romolo/.gradle/caches/modules-2/files-2.1/com.badlogicgames.gdx/gdx-box2d-platform/1.9.9/72b2916f45f3f948896eda931cd597f7e698340f/gdx-box2d-platform-1.9.9-natives-desktop.jar
7f63c4001000-7f63c400c000 r--s 0009c000 08:05 2228303                    /home/romolo/.gradle/caches/modules-2/files-2.1/com.badlogicgames.gdx/gdx-tools/1.9.9/55228989f0479dd4bbe487766eda15e5d512c51e/gdx-tools-1.9.9.jar
7f63c400c000-7f63c417b000 rw-p 00000000 00:00 0 
7f63c417b000-7f63c417c000 ---p 00000000 00:00 0 
7f63c417c000-7f63c427c000 rw-p 00000000 00:00 0 
7f63c427c000-7f63c427d000 ---p 00000000 00:00 0 
7f63c427d000-7f63c437d000 rw-p 00000000 00:00 0 
7f63c437d000-7f63c437e000 ---p 00000000 00:00 0 
7f63c437e000-7f63c447e000 rw-p 00000000 00:00 0 
7f63c447e000-7f63c447f000 ---p 00000000 00:00 0 
7f63c447f000-7f63c45a9000 rw-p 00000000 00:00 0 
7f63c45a9000-7f63c4810000 ---p 00000000 00:00 0 
7f63c4810000-7f63c483a000 rw-p 00000000 00:00 0 
7f63c483a000-7f63c4aa0000 ---p 00000000 00:00 0 
7f63c4aa0000-7f63c4ab6000 rw-p 00000000 00:00 0 
7f63c4ab6000-7f63c4be9000 ---p 00000000 00:00 0 
7f63c4be9000-7f63c4bf6000 rw-p 00000000 00:00 0 
7f63c4bf6000-7f63c4faa000 ---p 00000000 00:00 0 
7f63c4faa000-7f63c4fc5000 r-xp 00000000 08:05 2634195                    /usr/lib/jvm/java-8-oracle/jre/lib/amd64/libzip.so
7f63c4fc5000-7f63c51c4000 ---p 0001b000 08:05 2634195                    /usr/lib/jvm/java-8-oracle/jre/lib/amd64/libzip.so
7f63c51c4000-7f63c51c5000 r--p 0001a000 08:05 2634195                    /usr/lib/jvm/java-8-oracle/jre/lib/amd64/libzip.so
7f63c51c5000-7f63c51c6000 rw-p 0001b000 08:05 2634195                    /usr/lib/jvm/java-8-oracle/jre/lib/amd64/libzip.so
7f63c51c6000-7f63c51ce000 rw-s 00000000 08:05 2362821                    /tmp/hsperfdata_romolo/5031
7f63c51ce000-7f63c51fa000 r-xp 00000000 08:05 2634189                    /usr/lib/jvm/java-8-oracle/jre/lib/amd64/libjava.so
7f63c51fa000-7f63c53fa000 ---p 0002c000 08:05 2634189                    /usr/lib/jvm/java-8-oracle/jre/lib/amd64/libjava.so
7f63c53fa000-7f63c53fb000 r--p 0002c000 08:05 2634189                    /usr/lib/jvm/java-8-oracle/jre/lib/amd64/libjava.so
7f63c53fb000-7f63c53fd000 rw-p 0002d000 08:05 2634189                    /usr/lib/jvm/java-8-oracle/jre/lib/amd64/libjava.so
7f63c53fd000-7f63c540a000 r-xp 00000000 08:05 2634194                    /usr/lib/jvm/java-8-oracle/jre/lib/amd64/libverify.so
7f63c540a000-7f63c5609000 ---p 0000d000 08:05 2634194                    /usr/lib/jvm/java-8-oracle/jre/lib/amd64/libverify.so
7f63c5609000-7f63c560b000 r--p 0000c000 08:05 2634194                    /usr/lib/jvm/java-8-oracle/jre/lib/amd64/libverify.so
7f63c560b000-7f63c560c000 rw-p 0000e000 08:05 2634194                    /usr/lib/jvm/java-8-oracle/jre/lib/amd64/libverify.so
7f63c560c000-7f63c560e000 r--p 00000000 08:05 267867                     /lib/x86_64-linux-gnu/librt-2.28.so
7f63c560e000-7f63c5612000 r-xp 00002000 08:05 267867                     /lib/x86_64-linux-gnu/librt-2.28.so
7f63c5612000-7f63c5614000 r--p 00006000 08:05 267867                     /lib/x86_64-linux-gnu/librt-2.28.so
7f63c5614000-7f63c5615000 r--p 00007000 08:05 267867                     /lib/x86_64-linux-gnu/librt-2.28.so
7f63c5615000-7f63c5616000 rw-p 00008000 08:05 267867                     /lib/x86_64-linux-gnu/librt-2.28.so
7f63c5616000-7f63c5617000 ---p 00000000 00:00 0 
7f63c5617000-7f63c561a000 ---p 00000000 00:00 0 
7f63c561a000-7f63c5717000 rw-p 00000000 00:00 0 
7f63c5717000-7f63c5724000 r--p 00000000 08:05 267790                     /lib/x86_64-linux-gnu/libm-2.28.so
7f63c5724000-7f63c57cf000 r-xp 0000d000 08:05 267790                     /lib/x86_64-linux-gnu/libm-2.28.so
7f63c57cf000-7f63c58a2000 r--p 000b8000 08:05 267790                     /lib/x86_64-linux-gnu/libm-2.28.so
7f63c58a2000-7f63c58a3000 r--p 0018a000 08:05 267790                     /lib/x86_64-linux-gnu/libm-2.28.so
7f63c58a3000-7f63c58a4000 rw-p 0018b000 08:05 267790                     /lib/x86_64-linux-gnu/libm-2.28.so
7f63c58a4000-7f63c658c000 r-xp 00000000 08:05 2762414                    /usr/lib/jvm/java-8-oracle/jre/lib/amd64/server/libjvm.so
7f63c658c000-7f63c678b000 ---p 00ce8000 08:05 2762414                    /usr/lib/jvm/java-8-oracle/jre/lib/amd64/server/libjvm.so
7f63c678b000-7f63c6821000 r--p 00ce7000 08:05 2762414                    /usr/lib/jvm/java-8-oracle/jre/lib/amd64/server/libjvm.so
7f63c6821000-7f63c6852000 rw-p 00d7d000 08:05 2762414                    /usr/lib/jvm/java-8-oracle/jre/lib/amd64/server/libjvm.so
7f63c6852000-7f63c688f000 rw-p 00000000 00:00 0 
7f63c688f000-7f63c68b1000 r--p 00000000 08:05 267729                     /lib/x86_64-linux-gnu/libc-2.28.so
7f63c68b1000-7f63c6a22000 r-xp 00022000 08:05 267729                     /lib/x86_64-linux-gnu/libc-2.28.so
7f63c6a22000-7f63c6a6e000 r--p 00193000 08:05 267729                     /lib/x86_64-linux-gnu/libc-2.28.so
7f63c6a6e000-7f63c6a6f000 ---p 001df000 08:05 267729                     /lib/x86_64-linux-gnu/libc-2.28.so
7f63c6a6f000-7f63c6a73000 r--p 001df000 08:05 267729                     /lib/x86_64-linux-gnu/libc-2.28.so
7f63c6a73000-7f63c6a75000 rw-p 001e3000 08:05 267729                     /lib/x86_64-linux-gnu/libc-2.28.so
7f63c6a75000-7f63c6a79000 rw-p 00000000 00:00 0 
7f63c6a79000-7f63c6a7a000 r--p 00000000 08:05 267750                     /lib/x86_64-linux-gnu/libdl-2.28.so
7f63c6a7a000-7f63c6a7c000 r-xp 00001000 08:05 267750                     /lib/x86_64-linux-gnu/libdl-2.28.so
7f63c6a7c000-7f63c6a7d000 r--p 00003000 08:05 267750                     /lib/x86_64-linux-gnu/libdl-2.28.so
7f63c6a7d000-7f63c6a7e000 r--p 00003000 08:05 267750                     /lib/x86_64-linux-gnu/libdl-2.28.so
7f63c6a7e000-7f63c6a7f000 rw-p 00004000 08:05 267750                     /lib/x86_64-linux-gnu/libdl-2.28.so
7f63c6a7f000-7f63c6a96000 r-xp 00000000 08:05 2633335                    /usr/lib/jvm/java-8-oracle/lib/amd64/jli/libjli.so
7f63c6a96000-7f63c6c95000 ---p 00017000 08:05 2633335                    /usr/lib/jvm/java-8-oracle/lib/amd64/jli/libjli.so
7f63c6c95000-7f63c6c96000 r--p 00016000 08:05 2633335                    /usr/lib/jvm/java-8-oracle/lib/amd64/jli/libjli.so
7f63c6c96000-7f63c6c97000 rw-p 00017000 08:05 2633335                    /usr/lib/jvm/java-8-oracle/lib/amd64/jli/libjli.so
7f63c6c97000-7f63c6c9d000 r--p 00000000 08:05 267859                     /lib/x86_64-linux-gnu/libpthread-2.28.so
7f63c6c9d000-7f63c6cac000 r-xp 00006000 08:05 267859                     /lib/x86_64-linux-gnu/libpthread-2.28.so
7f63c6cac000-7f63c6cb2000 r--p 00015000 08:05 267859                     /lib/x86_64-linux-gnu/libpthread-2.28.so
7f63c6cb2000-7f63c6cb3000 r--p 0001a000 08:05 267859                     /lib/x86_64-linux-gnu/libpthread-2.28.so
7f63c6cb3000-7f63c6cb4000 rw-p 0001b000 08:05 267859                     /lib/x86_64-linux-gnu/libpthread-2.28.so
7f63c6cb4000-7f63c6cba000 rw-p 00000000 00:00 0 
7f63c6cba000-7f63c6cbb000 r--s 000ba000 08:05 2228320                    /home/romolo/.gradle/caches/modules-2/files-2.1/com.badlogicgames.gdx/gdx-platform/1.9.9/7e644cfafdb436b13b24ac7993ffab17f306b64d/gdx-platform-1.9.9-natives-desktop.jar
7f63c6cbb000-7f63c6cbe000 r--p 00000000 08:05 267817                     /lib/x86_64-linux-gnu/libnss_files-2.28.so
7f63c6cbe000-7f63c6cc5000 r-xp 00003000 08:05 267817                     /lib/x86_64-linux-gnu/libnss_files-2.28.so
7f63c6cc5000-7f63c6cc8000 r--p 0000a000 08:05 267817                     /lib/x86_64-linux-gnu/libnss_files-2.28.so
7f63c6cc8000-7f63c6cc9000 r--p 0000c000 08:05 267817                     /lib/x86_64-linux-gnu/libnss_files-2.28.so
7f63c6cc9000-7f63c6cca000 rw-p 0000d000 08:05 267817                     /lib/x86_64-linux-gnu/libnss_files-2.28.so
7f63c6cca000-7f63c6cd1000 rw-p 00000000 00:00 0 
7f63c6cd1000-7f63c6cd2000 r--p 00000000 00:00 0 
7f63c6cd2000-7f63c6cd3000 r--p 00000000 08:05 267703                     /lib/x86_64-linux-gnu/ld-2.28.so
7f63c6cd3000-7f63c6cf3000 r-xp 00001000 08:05 267703                     /lib/x86_64-linux-gnu/ld-2.28.so
7f63c6cf3000-7f63c6cfb000 r--p 00021000 08:05 267703                     /lib/x86_64-linux-gnu/ld-2.28.so
7f63c6cfb000-7f63c6cfc000 r--p 00028000 08:05 267703                     /lib/x86_64-linux-gnu/ld-2.28.so
7f63c6cfc000-7f63c6cfd000 rw-p 00029000 08:05 267703                     /lib/x86_64-linux-gnu/ld-2.28.so
7f63c6cfd000-7f63c6cfe000 rw-p 00000000 00:00 0 
7ffc9d200000-7ffc9d222000 rw-p 00000000 00:00 0                          [stack]
7ffc9d23c000-7ffc9d23f000 r--p 00000000 00:00 0                          [vvar]
7ffc9d23f000-7ffc9d241000 r-xp 00000000 00:00 0                          [vdso]
ffffffffff600000-ffffffffff601000 r-xp 00000000 00:00 0                  [vsyscall]

VM Arguments:
jvm_args: -Dfile.encoding=UTF-8 
java_command: com.megaman.game.desktop.DesktopLauncher
java_class_path (initial): /home/romolo/Scrivania/Megaman/desktop/bin/main:/Megaman-core/bin/default:/home/romolo/Scrivania/Megaman/core/bin/main:/home/romolo/.gradle/caches/modules-2/files-2.1/com.badlogicgames.gdx/gdx-tools/1.9.9/55228989f0479dd4bbe487766eda15e5d512c51e/gdx-tools-1.9.9.jar:/home/romolo/.gradle/caches/modules-2/files-2.1/com.badlogicgames.gdx/gdx-backend-lwjgl/1.9.9/ca8911cb94c0bfeb59f99e46ca9b92440958fb0e/gdx-backend-lwjgl-1.9.9.jar:/home/romolo/.gradle/caches/modules-2/files-2.1/com.badlogicgames.gdx/gdx-platform/1.9.9/7e644cfafdb436b13b24ac7993ffab17f306b64d/gdx-platform-1.9.9-natives-desktop.jar:/home/romolo/.gradle/caches/modules-2/files-2.1/com.badlogicgames.gdx/gdx-box2d-platform/1.9.9/72b2916f45f3f948896eda931cd597f7e698340f/gdx-box2d-platform-1.9.9-natives-desktop.jar:/home/romolo/.gradle/caches/modules-2/files-2.1/com.badlogicgames.gdx/gdx-freetype-platform/1.9.9/43485d7534081df8c26c572912935771cdb28b4a/gdx-freetype-platform-1.9.9-natives-desktop.jar:/home/romolo/.gradle/caches/modules-2/files-2.1/com.badlogicgames.gdx/gdx-controllers-desktop/1.9.9/d4b8b62f077382db145e7a94a27a994b68ce6ee/gdx-controllers-desktop-1.9.9.jar:/home/romolo/.gradle/caches/modules-2/files-2.1/com.badlogicgames.gdx/gdx-controllers-platform/1.9.9/26b8735060fdfd7dc6529cf5085fa57144a349d9/gdx-controllers-platform-1.9.9-natives-desktop.jar:/home/romolo/.gradle/caches/modules-2/files-2.1/com.badlogicgames.gdx/gdx-box2d/1.9.9/e9a43c50fbe4f1e26dd0af5d2e78d125549e7f6b/gdx-box2d-1.9.9.jar:/home/romolo/.gradle/caches/modules-2/files-2.1/com.badlogicgames.gdx/gdx-freetype/1.9.9/d947872087863b654d9a0e27a8cb10a29d6fd3d6/gdx-freetype-1.9.9.jar:/home/romolo/.gradle/caches/modules-2/files-2.1/com.badlogicgames.gdx/gdx-controllers/1.9.9/55b69a040e076b17d01a5057f9cb2ce338a3331a/gdx-controllers-1.9.9.jar:/home/romolo/.gradle/caches/modules-2/files-2.1/com.badlogicgames.gdx/gdx-backend-headless/1.9.9/657d1d232f274162eb8fd600a137b2221f2fc9c/gdx-backend-headless-1.9.9.jar:/home/romol
Launcher Type: SUN_STANDARD

Environment Variables:
JAVA_HOME=/usr/lib/jvm/java-8-oracle
PATH=/usr/local/sbin:/usr/local/bin:/usr/sbin:/usr/bin:/sbin:/bin:/usr/games:/usr/local/games:/snap/bin:/usr/lib/jvm/java-8-oracle/bin:/usr/lib/jvm/java-8-oracle/db/bin:/usr/lib/jvm/java-8-oracle/jre/bin
USERNAME=romolo
SHELL=/bin/bash
DISPLAY=:0

Signal Handlers:
SIGSEGV: [libjvm.so+0xad3e60], sa_mask[0]=11111111011111111101111111111110, sa_flags=SA_RESTART|SA_SIGINFO
SIGBUS: [libjvm.so+0xad3e60], sa_mask[0]=11111111011111111101111111111110, sa_flags=SA_RESTART|SA_SIGINFO
SIGFPE: [libjvm.so+0x90b880], sa_mask[0]=11111111011111111101111111111110, sa_flags=SA_RESTART|SA_SIGINFO
SIGPIPE: [libjvm.so+0x90b880], sa_mask[0]=11111111011111111101111111111110, sa_flags=SA_RESTART|SA_SIGINFO
SIGXFSZ: [libjvm.so+0x90b880], sa_mask[0]=11111111011111111101111111111110, sa_flags=SA_RESTART|SA_SIGINFO
SIGILL: [libjvm.so+0x90b880], sa_mask[0]=11111111011111111101111111111110, sa_flags=SA_RESTART|SA_SIGINFO
SIGUSR1: SIG_DFL, sa_mask[0]=00000000000000000000000000000000, sa_flags=none
SIGUSR2: [libjvm.so+0x90b750], sa_mask[0]=00100000000000000000000000000000, sa_flags=SA_RESTART|SA_SIGINFO
SIGHUP: [libjvm.so+0x90bd70], sa_mask[0]=11111111011111111101111111111110, sa_flags=SA_RESTART|SA_SIGINFO
SIGINT: [libjvm.so+0x90bd70], sa_mask[0]=11111111011111111101111111111110, sa_flags=SA_RESTART|SA_SIGINFO
SIGTERM: [libjvm.so+0x90bd70], sa_mask[0]=11111111011111111101111111111110, sa_flags=SA_RESTART|SA_SIGINFO
SIGQUIT: [libjvm.so+0x90bd70], sa_mask[0]=11111111011111111101111111111110, sa_flags=SA_RESTART|SA_SIGINFO


---------------  S Y S T E M  ---------------

OS:DISTRIB_ID=Ubuntu
DISTRIB_RELEASE=18.10
DISTRIB_CODENAME=cosmic
DISTRIB_DESCRIPTION="Ubuntu 18.10"

uname:Linux 4.18.0-25-generic #26-Ubuntu SMP Mon Jun 24 09:32:08 UTC 2019 x86_64
libc:glibc 2.28 NPTL 2.28 
rlimit: STACK 8192k, CORE 0k, NPROC 30810, NOFILE 1048576, AS infinity
load average:0,79 1,17 1,10

/proc/meminfo:
MemTotal:        8066184 kB
MemFree:         4926688 kB
MemAvailable:    5760700 kB
Buffers:          188680 kB
Cached:          1282764 kB
SwapCached:            0 kB
Active:          1838400 kB
Inactive:        1015812 kB
Active(anon):    1384140 kB
Inactive(anon):   455988 kB
Active(file):     454260 kB
Inactive(file):   559824 kB
Unevictable:          80 kB
Mlocked:              80 kB
SwapTotal:       2097148 kB
SwapFree:        2097148 kB
Dirty:               292 kB
Writeback:             0 kB
AnonPages:       1382992 kB
Mapped:           259036 kB
Shmem:            457364 kB
Slab:             183804 kB
SReclaimable:      87164 kB
SUnreclaim:        96640 kB
KernelStack:        8896 kB
PageTables:        19800 kB
NFS_Unstable:          0 kB
Bounce:                0 kB
WritebackTmp:          0 kB
CommitLimit:     6130240 kB
Committed_AS:    4813844 kB
VmallocTotal:   34359738367 kB
VmallocUsed:           0 kB
VmallocChunk:          0 kB
HardwareCorrupted:     0 kB
AnonHugePages:         0 kB
ShmemHugePages:        0 kB
ShmemPmdMapped:        0 kB
CmaTotal:              0 kB
CmaFree:               0 kB
HugePages_Total:       0
HugePages_Free:        0
HugePages_Rsvd:        0
HugePages_Surp:        0
Hugepagesize:       2048 kB
Hugetlb:               0 kB
DirectMap4k:      180852 kB
DirectMap2M:     4960256 kB
DirectMap1G:     3145728 kB

container (cgroup) information:
container_type: cgroupv1
cpu_cpuset_cpus: 0-3
cpu_memory_nodes: 0
active_processor_count: 4
cpu_quota: -1
cpu_period: 100000
cpu_shares: -1
memory_limit_in_bytes: -1
memory_and_swap_limit_in_bytes: -2
memory_soft_limit_in_bytes: -1
memory_usage_in_bytes: 2224447488
memory_max_usage_in_bytes: 2277449728


CPU:total 4 (initial active 4) (2 cores per cpu, 2 threads per core) family 6 model 142 stepping 9, cmov, cx8, fxsr, mmx, sse, sse2, sse3, ssse3, sse4.1, sse4.2, popcnt, avx, avx2, aes, clmul, erms, 3dnowpref, lzcnt, ht, tsc, tscinvbit, bmi1, bmi2, adx

/proc/cpuinfo:
processor	: 0
vendor_id	: GenuineIntel
cpu family	: 6
model		: 142
model name	: Intel(R) Core(TM) i7-7500U CPU @ 2.70GHz
stepping	: 9
microcode	: 0xb4
cpu MHz		: 3500.254
cache size	: 4096 KB
physical id	: 0
siblings	: 4
core id		: 0
cpu cores	: 2
apicid		: 0
initial apicid	: 0
fpu		: yes
fpu_exception	: yes
cpuid level	: 22
wp		: yes
flags		: fpu vme de pse tsc msr pae mce cx8 apic sep mtrr pge mca cmov pat pse36 clflush dts acpi mmx fxsr sse sse2 ss ht tm pbe syscall nx pdpe1gb rdtscp lm constant_tsc art arch_perfmon pebs bts rep_good nopl xtopology nonstop_tsc cpuid aperfmperf tsc_known_freq pni pclmulqdq dtes64 monitor ds_cpl vmx est tm2 ssse3 sdbg fma cx16 xtpr pdcm pcid sse4_1 sse4_2 x2apic movbe popcnt tsc_deadline_timer aes xsave avx f16c rdrand lahf_lm abm 3dnowprefetch cpuid_fault epb invpcid_single pti ssbd ibrs ibpb stibp tpr_shadow vnmi flexpriority ept vpid fsgsbase tsc_adjust bmi1 avx2 smep bmi2 erms invpcid mpx rdseed adx smap clflushopt intel_pt xsaveopt xsavec xgetbv1 xsaves dtherm ida arat pln pts hwp hwp_notify hwp_act_window hwp_epp md_clear flush_l1d
bugs		: cpu_meltdown spectre_v1 spectre_v2 spec_store_bypass l1tf mds
bogomips	: 5808.00
clflush size	: 64
cache_alignment	: 64
address sizes	: 39 bits physical, 48 bits virtual
power management:

processor	: 1
vendor_id	: GenuineIntel
cpu family	: 6
model		: 142
model name	: Intel(R) Core(TM) i7-7500U CPU @ 2.70GHz
stepping	: 9
microcode	: 0xb4
cpu MHz		: 3500.104
cache size	: 4096 KB
physical id	: 0
siblings	: 4
core id		: 1
cpu cores	: 2
apicid		: 2
initial apicid	: 2
fpu		: yes
fpu_exception	: yes
cpuid level	: 22
wp		: yes
flags		: fpu vme de pse tsc msr pae mce cx8 apic sep mtrr pge mca cmov pat pse36 clflush dts acpi mmx fxsr sse sse2 ss ht tm pbe syscall nx pdpe1gb rdtscp lm constant_tsc art arch_perfmon pebs bts rep_good nopl xtopology nonstop_tsc cpuid aperfmperf tsc_known_freq pni pclmulqdq dtes64 monitor ds_cpl vmx est tm2 ssse3 sdbg fma cx16 xtpr pdcm pcid sse4_1 sse4_2 x2apic movbe popcnt tsc_deadline_timer aes xsave avx f16c rdrand lahf_lm abm 3dnowprefetch cpuid_fault epb invpcid_single pti ssbd ibrs ibpb stibp tpr_shadow vnmi flexpriority ept vpid fsgsbase tsc_adjust bmi1 avx2 smep bmi2 erms invpcid mpx rdseed adx smap clflushopt intel_pt xsaveopt xsavec xgetbv1 xsaves dtherm ida arat pln pts hwp hwp_notify hwp_act_window hwp_epp md_clear flush_l1d
bugs		: cpu_meltdown spectre_v1 spectre_v2 spec_store_bypass l1tf mds
bogomips	: 5808.00
clflush size	: 64
cache_alignment	: 64
address sizes	: 39 bits physical, 48 bits virtual
power management:

processor	: 2
vendor_id	: GenuineIntel
cpu family	: 6
model		: 142
model name	: Intel(R) Core(TM) i7-7500U CPU @ 2.70GHz
stepping	: 9
microcode	: 0xb4
cpu MHz		: 3500.046
cache size	: 4096 KB
physical id	: 0
siblings	: 4
core id		: 0
cpu cores	: 2
apicid		: 1
initial apicid	: 1
fpu		: yes
fpu_exception	: yes
cpuid level	: 22
wp		: yes
flags		: fpu vme de pse tsc msr pae mce cx8 apic sep mtrr pge mca cmov pat pse36 clflush dts acpi mmx fxsr sse sse2 ss ht tm pbe syscall nx pdpe1gb rdtscp lm constant_tsc art arch_perfmon pebs bts rep_good nopl xtopology nonstop_tsc cpuid aperfmperf tsc_known_freq pni pclmulqdq dtes64 monitor ds_cpl vmx est tm2 ssse3 sdbg fma cx16 xtpr pdcm pcid sse4_1 sse4_2 x2apic movbe popcnt tsc_deadline_timer aes xsave avx f16c rdrand lahf_lm abm 3dnowprefetch cpuid_fault epb invpcid_single pti ssbd ibrs ibpb stibp tpr_shadow vnmi flexpriority ept vpid fsgsbase tsc_adjust bmi1 avx2 smep bmi2 erms invpcid mpx rdseed adx smap clflushopt intel_pt xsaveopt xsavec xgetbv1 xsaves dtherm ida arat pln pts hwp hwp_notify hwp_act_window hwp_epp md_clear flush_l1d
bugs		: cpu_meltdown spectre_v1 spectre_v2 spec_store_bypass l1tf mds
bogomips	: 5808.00
clflush size	: 64
cache_alignment	: 64
address sizes	: 39 bits physical, 48 bits virtual
power management:

processor	: 3
vendor_id	: GenuineIntel
cpu family	: 6
model		: 142
model name	: Intel(R) Core(TM) i7-7500U CPU @ 2.70GHz
stepping	: 9
microcode	: 0xb4
cpu MHz		: 3500.006
cache size	: 4096 KB
physical id	: 0
siblings	: 4
core id		: 1
cpu cores	: 2
apicid		: 3
initial apicid	: 3
fpu		: yes
fpu_exception	: yes
cpuid level	: 22
wp		: yes
flags		: fpu vme de pse tsc msr pae mce cx8 apic sep mtrr pge mca cmov pat pse36 clflush dts acpi mmx fxsr sse sse2 ss ht tm pbe syscall nx pdpe1gb rdtscp lm constant_tsc art arch_perfmon pebs bts rep_good nopl xtopology nonstop_tsc cpuid aperfmperf tsc_known_freq pni pclmulqdq dtes64 monitor ds_cpl vmx est tm2 ssse3 sdbg fma cx16 xtpr pdcm pcid sse4_1 sse4_2 x2apic movbe popcnt tsc_deadline_timer aes xsave avx f16c rdrand lahf_lm abm 3dnowprefetch cpuid_fault epb invpcid_single pti ssbd ibrs ibpb stibp tpr_shadow vnmi flexpriority ept vpid fsgsbase tsc_adjust bmi1 avx2 smep bmi2 erms invpcid mpx rdseed adx smap clflushopt intel_pt xsaveopt xsavec xgetbv1 xsaves dtherm ida arat pln pts hwp hwp_notify hwp_act_window hwp_epp md_clear flush_l1d
bugs		: cpu_meltdown spectre_v1 spectre_v2 spec_store_bypass l1tf mds
bogomips	: 5808.00
clflush size	: 64
cache_alignment	: 64
address sizes	: 39 bits physical, 48 bits virtual
power management:



Memory: 4k page, physical 8066184k(4926688k free), swap 2097148k(2097148k free)

vm_info: Java HotSpot(TM) 64-Bit Server VM (25.201-b09) for linux-amd64 JRE (1.8.0_201-b09), built on Dec 15 2018 11:35:59 by "java_re" with gcc 7.3.0

time: Mon Jul 22 12:47:48 2019
timezone: CEST
elapsed time: 0 seconds (0d 0h 0m 0s)

